Log file open, 10/26/17 10:42:46
LogWindows: LoadLibraryWithSearchPaths failed for file aqProf.dll. GetLastError=0
LogWindows: LoadLibraryWithSearchPaths failed for file VSPerf140.dll. GetLastError=0
LogWindows: LoadLibraryWithSearchPaths failed for file VtuneApi.dll. GetLastError=0
LogWindows: LoadLibraryWithSearchPaths failed for file VtuneApi32e.dll. GetLastError=0
LogInit: Display: Running engine for game: MyProject
LogPlatformFile: Not using cached read wrapper
LogInit: Display: RandInit(-717643456) SRandInit(-717643456).
LogTaskGraph: Started task graph with 5 named threads and 14 total threads with 3 sets of task threads.
LogStats: Stats thread started at 0.189335
LogD3D11RHI: Aftermath initialized
LogPluginManager: Mounting plugin Paper2D
LogPluginManager: Mounting plugin LightPropagationVolume
LogPluginManager: Mounting plugin CodeLiteSourceCodeAccess
LogPluginManager: Mounting plugin GitSourceControl
LogPluginManager: Mounting plugin KDevelopSourceCodeAccess
LogPluginManager: Mounting plugin NullSourceCodeAccess
LogPluginManager: Mounting plugin PerforceSourceControl
LogPluginManager: Mounting plugin SubversionSourceControl
LogPluginManager: Mounting plugin UObjectPlugin
LogPluginManager: Mounting plugin VisualStudioSourceCodeAccess
LogPluginManager: Mounting plugin XCodeSourceCodeAccess
LogPluginManager: Mounting plugin AssetManagerEditor
LogPluginManager: Mounting plugin AudioCapture
LogPluginManager: Mounting plugin FacialAnimation
LogPluginManager: Mounting plugin GameplayTagsEditor
LogPluginManager: Mounting plugin MobileLauncherProfileWizard
LogPluginManager: Mounting plugin PluginBrowser
LogPluginManager: Mounting plugin SpeedTreeImporter
LogPluginManager: Mounting plugin AlembicImporter
LogPluginManager: Mounting plugin CharacterAI
LogPluginManager: Mounting plugin HTML5Networking
LogPluginManager: Mounting plugin AndroidMedia
LogPluginManager: Mounting plugin AvfMedia
LogPluginManager: Mounting plugin MediaPlayerEditor
LogPluginManager: Mounting plugin WmfMedia
LogPluginManager: Mounting plugin TcpMessaging
LogPluginManager: Mounting plugin UdpMessaging
LogPluginManager: Mounting plugin LevelSequenceEditor
LogPluginManager: Mounting plugin MatineeToLevelSequence
LogPluginManager: Mounting plugin OnlineSubsystemGooglePlay
LogPluginManager: Mounting plugin OnlineSubsystemIOS
LogPluginManager: Mounting plugin OnlineSubsystem
LogPluginManager: Mounting plugin OnlineSubsystemNull
LogPluginManager: Mounting plugin OnlineSubsystemUtils
LogPluginManager: Mounting plugin AndroidDeviceProfileSelector
LogPluginManager: Mounting plugin AndroidMoviePlayer
LogPluginManager: Mounting plugin AndroidPermission
LogPluginManager: Mounting plugin AppleMoviePlayer
LogPluginManager: Mounting plugin ArchVisCharacter
LogPluginManager: Mounting plugin CableComponent
LogPluginManager: Mounting plugin CustomMeshComponent
LogPluginManager: Mounting plugin ExampleDeviceProfileSelector
LogPluginManager: Mounting plugin GoogleCloudMessaging
LogPluginManager: Mounting plugin ImmediatePhysics
LogPluginManager: Mounting plugin IOSDeviceProfileSelector
LogPluginManager: Mounting plugin LinuxDeviceProfileSelector
LogPluginManager: Mounting plugin LocationServicesBPLibrary
LogPluginManager: Mounting plugin MobilePatchingUtils
LogPluginManager: Mounting plugin OculusVR
LogPluginManager: Mounting plugin PhysXVehicles
LogPluginManager: Mounting plugin ProceduralMeshComponent
LogPluginManager: Mounting plugin RuntimePhysXCooking
LogPluginManager: Mounting plugin SteamVR
LogPluginManager: Mounting plugin WindowsMoviePlayer
LogPluginManager: Mounting plugin VictoryBPLibrary
LogInit: Using libcurl 7.47.1
LogInit:  - built for x86_64-pc-win32
LogInit:  - supports SSL with OpenSSL/1.0.2g
LogInit:  - supports HTTP deflate (compression) using libz 1.2.8
LogInit:  - other features:
LogInit:      CURL_VERSION_SSL
LogInit:      CURL_VERSION_LIBZ
LogInit:      CURL_VERSION_IPV6
LogInit:      CURL_VERSION_ASYNCHDNS
LogInit:      CURL_VERSION_LARGEFILE
LogInit:      CURL_VERSION_IDN
LogInit:  CurlRequestOptions (configurable via config and command line):
LogInit:  - bVerifyPeer = false  - Libcurl will NOT verify peer certificate
LogInit:  - bUseHttpProxy = false  - Libcurl will NOT use HTTP proxy
LogInit:  - bDontReuseConnections = false  - Libcurl will reuse connections
LogInit:  - CertBundlePath = nullptr  - Libcurl will use whatever was configured at build time.
LogInit: Build: ++UE4+Release-4.17-CL-3586342
LogInit: Engine Version: 4.17.1-3586342+++UE4+Release-4.17
LogInit: Compatible Engine Version: 4.17.0-3573198+++UE4+Release-4.17
LogInit: Net CL: 3573198
LogDevObjectVersion: Number of dev versions registered: 16
LogDevObjectVersion:   Dev-Blueprints (B0D832E4-1F89-4F0D-ACCF-7EB736FD4AA2): 10
LogDevObjectVersion:   Dev-Build (E1C64328-A22C-4D53-A36C-8E866417BD8C): 0
LogDevObjectVersion:   Dev-Core (375EC13C-06E4-48FB-B500-84F0262A717E): 2
LogDevObjectVersion:   Dev-Editor (E4B068ED-F494-42E9-A231-DA0B2E46BB41): 20
LogDevObjectVersion:   Dev-Framework (CFFC743F-43B0-4480-9391-14DF171D2073): 28
LogDevObjectVersion:   Dev-Mobile (B02B49B5-BB20-44E9-A304-32B752E40360): 0
LogDevObjectVersion:   Dev-Networking (A4E4105C-59A1-49B5-A7C5-40C4547EDFEE): 0
LogDevObjectVersion:   Dev-Online (39C831C9-5AE6-47DC-9A44-9C173E1C8E7C): 0
LogDevObjectVersion:   Dev-Physics (78F01B33-EBEA-4F98-B9B4-84EACCB95AA2): 0
LogDevObjectVersion:   Dev-Platform (6631380F-2D4D-43E0-8009-CF276956A95A): 0
LogDevObjectVersion:   Dev-Rendering (12F88B9F-8875-4AFC-A67C-D90C383ABD29): 19
LogDevObjectVersion:   Dev-Sequencer (7B5AE74C-D270-4C10-A958-57980B212A5A): 4
LogDevObjectVersion:   Dev-VR (D7296918-1DD6-4BDD-9DE2-64A83CC13884): 0
LogDevObjectVersion:   Dev-LoadTimes (C2A15278-BFE7-4AFE-6C17-90FF531DF755): 1
LogDevObjectVersion:   Private-Geometry (6EACA3D4-40EC-4CC1-B786-8BED09428FC5): 1
LogDevObjectVersion:   Dev-AnimPhys (29E575DD-E0A3-4627-9D10-D276232CDCEA): 7
LogInit: Compiled (64-bit): Aug 15 2017 02:05:26
LogInit: Compiled with Visual C++: 19.00.24215.01
LogInit: Build Configuration: Development
LogInit: Branch Name: ++UE4+Release-4.17
LogInit: Command line: -EpicPortal 
LogInit: Base directory: C:/Program Files/Epic Games/UE_4.17/Engine/Binaries/Win64/
LogInit: Installed Engine Build: 1
LogInit: Presizing for max 8388607 objects, including 0 objects not considered by GC, pre-allocating 0 bytes for permanent pool.
LogInit: Object subsystem initialized
[2017.10.26-08.42.47:185][  0]LogInit: Selected Device Profile: [Windows]
[2017.10.26-08.42.47:185][  0]LogInit: Applying CVar settings loaded from the selected device profile: [Windows]
[2017.10.26-08.42.47:201][  0]LogInit: Computer: S147382
[2017.10.26-08.42.47:201][  0]LogInit: User: s147382
[2017.10.26-08.42.47:201][  0]LogInit: CPU Page size=4096, Cores=4
[2017.10.26-08.42.47:201][  0]LogInit: High frequency timer resolution =2.338341 MHz
[2017.10.26-08.42.47:201][  0]LogMemory: Memory total: Physical=7.8GB (8GB approx)
[2017.10.26-08.42.47:201][  0]LogMemory: Platform Memory Stats for Windows
[2017.10.26-08.42.47:201][  0]LogMemory: Process Physical Memory: 278.23 MB used, 278.23 MB peak
[2017.10.26-08.42.47:201][  0]LogMemory: Process Virtual Memory: 283.26 MB used, 283.26 MB peak
[2017.10.26-08.42.47:201][  0]LogMemory: Physical Memory: 4358.71 MB used,  3634.35 MB free, 7993.06 MB total
[2017.10.26-08.42.47:201][  0]LogMemory: Virtual Memory: 659.93 MB used,  3634.35 MB free, 134217728.00 MB total
[2017.10.26-08.42.47:411][  0]LogInit: Using OS detected language (en-US).
[2017.10.26-08.42.47:411][  0]LogInit: Using OS detected locale (en-US).
[2017.10.26-08.42.47:415][  0]LogTextLocalizationManager: No specific localization for 'en-US' exists, so the 'en' localization will be used.
[2017.10.26-08.42.48:348][  0]LogD3D11RHI: D3D11 adapters:
[2017.10.26-08.42.48:385][  0]LogD3D11RHI:    0. 'NVIDIA Quadro K610M' (Feature Level 11_0)
[2017.10.26-08.42.48:385][  0]LogD3D11RHI:       958/0/3996 MB DedicatedVideo/DedicatedSystem/SharedSystem, Outputs:1, VendorId:0x10de
[2017.10.26-08.42.48:409][  0]LogD3D11RHI:    1. 'NVIDIA Quadro K610M' (Feature Level 11_0)
[2017.10.26-08.42.48:409][  0]LogD3D11RHI:       958/0/3996 MB DedicatedVideo/DedicatedSystem/SharedSystem, Outputs:0, VendorId:0x10de
[2017.10.26-08.42.48:411][  0]LogD3D11RHI:    2. 'Microsoft Basic Render Driver' (Feature Level 11_0)
[2017.10.26-08.42.48:411][  0]LogD3D11RHI:       958/0/3996 MB DedicatedVideo/DedicatedSystem/SharedSystem, Outputs:0, VendorId:0x1414
[2017.10.26-08.42.48:411][  0]LogD3D11RHI: Chosen D3D11 Adapter: 0
[2017.10.26-08.42.48:419][  0]LogD3D11RHI: Creating new Direct3DDevice
[2017.10.26-08.42.48:419][  0]LogD3D11RHI:     GPU DeviceId: 0x12b9 (for the marketing name, search the web for "GPU Device Id")
[2017.10.26-08.42.48:419][  0]LogWindows: EnumDisplayDevices:
[2017.10.26-08.42.48:419][  0]LogWindows:    0. 'Intel(R) HD Graphics 4600' (P:1 D:1)
[2017.10.26-08.42.48:419][  0]LogWindows:    1. 'Intel(R) HD Graphics 4600' (P:0 D:0)
[2017.10.26-08.42.48:419][  0]LogWindows:    2. 'Intel(R) HD Graphics 4600' (P:0 D:0)
[2017.10.26-08.42.48:419][  0]LogWindows:    3. 'NVIDIA Quadro K610M' (P:0 D:0)
[2017.10.26-08.42.48:420][  0]LogWindows:    4. 'NVIDIA Quadro K610M' (P:0 D:0)
[2017.10.26-08.42.48:420][  0]LogWindows:    5. 'NVIDIA Quadro K610M' (P:0 D:0)
[2017.10.26-08.42.48:420][  0]LogWindows:    6. 'NVIDIA Quadro K610M' (P:0 D:0)
[2017.10.26-08.42.48:420][  0]LogWindows: DebugString: PrimaryIsNotTheChoosenAdapter PrimaryIsNotTheChoosenAdapter PrimaryIsNotTheChoosenAdapter FoundDriverCount:4 
[2017.10.26-08.42.48:420][  0]LogD3D11RHI:     Adapter Name: NVIDIA Quadro K610M
[2017.10.26-08.42.48:420][  0]LogD3D11RHI:   Driver Version: 377.11 (internal:21.21.13.7711, unified:377.11)
[2017.10.26-08.42.48:420][  0]LogD3D11RHI:      Driver Date: 3-17-2017
[2017.10.26-08.42.48:420][  0]LogRHI: Texture pool is 670 MB (70% of 958 MB)
[2017.10.26-08.42.48:440][  0]LogD3D11RHI: Async texture creation enabled
[2017.10.26-08.42.48:461][  0]LogD3D11RHI: GPU Timing Frequency: 1000.000000 (Debug: 2 2)
[2017.10.26-08.42.48:462][  0]LogShaderCompilers: Guid format shader working directory is -35 characters bigger than the processId version (../../../../../../Users/s147382/Documents/GitHub/Games-and-Play/MyProject 4.17 - 2/Intermediate/Shaders/WorkingDirectory/11080/).
[2017.10.26-08.42.48:462][  0]LogShaderCompilers: Cleaned the shader compiler working directory 'C:/Users/s147382/AppData/Local/Temp/UnrealShaderWorkingDir/4960DB484CAD7F1DDE76AEA934D67980/'.
[2017.10.26-08.42.48:462][  0]LogShaderCompilers: Display: Using Local Shader Compiler.
[2017.10.26-08.42.49:714][  0]LogTemp: Display: Loaded TP AllDesktopTargetPlatform
[2017.10.26-08.42.49:782][  0]LogTemp: Display: Loaded TP MacClientTargetPlatform
[2017.10.26-08.42.49:851][  0]LogTemp: Display: Loaded TP MacNoEditorTargetPlatform
[2017.10.26-08.42.49:920][  0]LogTemp: Display: Loaded TP MacServerTargetPlatform
[2017.10.26-08.42.49:988][  0]LogTemp: Display: Loaded TP MacTargetPlatform
[2017.10.26-08.42.50:056][  0]LogTemp: Display: Loaded TP WindowsClientTargetPlatform
[2017.10.26-08.42.50:124][  0]LogTemp: Display: Loaded TP WindowsNoEditorTargetPlatform
[2017.10.26-08.42.50:192][  0]LogTemp: Display: Loaded TP WindowsServerTargetPlatform
[2017.10.26-08.42.50:251][  0]LogTemp: Display: Loaded TP WindowsTargetPlatform
[2017.10.26-08.42.50:319][  0]LogTemp: Display: Loaded TP AndroidTargetPlatform
[2017.10.26-08.42.50:385][  0]LogTemp: Display: Loaded TP Android_ASTCTargetPlatform
[2017.10.26-08.42.50:451][  0]LogTemp: Display: Loaded TP Android_ATCTargetPlatform
[2017.10.26-08.42.50:518][  0]LogTemp: Display: Loaded TP Android_DXTTargetPlatform
[2017.10.26-08.42.50:585][  0]LogTemp: Display: Loaded TP Android_ETC1TargetPlatform
[2017.10.26-08.42.50:651][  0]LogTemp: Display: Loaded TP Android_ETC2TargetPlatform
[2017.10.26-08.42.50:783][  0]LogTemp: Display: Loaded TP Android_MultiTargetPlatform
[2017.10.26-08.42.50:783][  0]LogTemp: Display: Loaded TP Android_PVRTCTargetPlatform
[2017.10.26-08.42.50:835][  0]LogTemp: Display: Loaded TP HTML5TargetPlatform
[2017.10.26-08.42.50:952][  0]LogTemp: Display: Loaded TP IOSTargetPlatform
[2017.10.26-08.42.50:992][  0]LogTemp: Display: Loaded TP TVOSTargetPlatform
[2017.10.26-08.42.51:058][  0]LogTemp: Display: Loaded TP LinuxClientTargetPlatform
[2017.10.26-08.42.51:124][  0]LogTemp: Display: Loaded TP LinuxNoEditorTargetPlatform
[2017.10.26-08.42.51:189][  0]LogTemp: Display: Loaded TP LinuxServerTargetPlatform
[2017.10.26-08.42.51:256][  0]LogTemp: Display: Loaded TP LinuxTargetPlatform
[2017.10.26-08.42.51:256][  0]LogTargetPlatformManager: Display: Building Assets For Windows
[2017.10.26-08.42.51:885][  0]LogDerivedDataCache: Display: Max Cache Size: 512 MB
[2017.10.26-08.42.52:015][  0]LogDerivedDataCache: Loaded boot cache 0.13s 93MB C:/Users/s147382/AppData/Local/UnrealEngine/4.17/DerivedDataCache/Boot.ddc.
[2017.10.26-08.42.52:015][  0]LogDerivedDataCache: Display: Loaded Boot cache: C:/Users/s147382/AppData/Local/UnrealEngine/4.17/DerivedDataCache/Boot.ddc
[2017.10.26-08.42.52:015][  0]LogDerivedDataCache: FDerivedDataBackendGraph:  Pak pak cache file ../../../../../../Users/s147382/Documents/GitHub/Games-and-Play/MyProject 4.17 - 2/DerivedDataCache/DDC.ddp not found, will not use a pak cache.
[2017.10.26-08.42.52:015][  0]LogDerivedDataCache: Unable to find inner node Pak for hierarchical cache Hierarchy.
[2017.10.26-08.42.52:015][  0]LogDerivedDataCache: FDerivedDataBackendGraph:  CompressedPak pak cache file ../../../../../../Users/s147382/Documents/GitHub/Games-and-Play/MyProject 4.17 - 2/DerivedDataCache/Compressed.ddp not found, will not use a pak cache.
[2017.10.26-08.42.52:015][  0]LogDerivedDataCache: Unable to find inner node CompressedPak for hierarchical cache Hierarchy.
[2017.10.26-08.42.52:040][  0]LogDerivedDataCache: Display: Pak cache opened for reading ../../../Engine/DerivedDataCache/Compressed.ddp.
[2017.10.26-08.42.52:053][  0]LogDerivedDataCache: Using Local data cache path C:/Users/s147382/AppData/Local/UnrealEngine/Common/DerivedDataCache: Writable
[2017.10.26-08.42.52:067][  0]LogMaterial: Verifying Global Shaders for PCD3D_SM5
[2017.10.26-08.42.52:067][  0]LogSlate: Using Freetype 2.6.0
[2017.10.26-08.42.52:068][  0]LogSlate: SlateFontCache - WITH_FREETYPE: 1, WITH_HARFBUZZ: 1
[2017.10.26-08.42.52:068][  0]LogSlate: SlateFontCache - WITH_FREETYPE: 1, WITH_HARFBUZZ: 1
[2017.10.26-08.42.52:418][  0]LogAssetRegistry: FAssetRegistry took 0.0285 seconds to start up
[2017.10.26-08.42.52:602][  0]LogInit: Selected Device Profile: [Windows]
[2017.10.26-08.42.52:793][  0]LogContentStreaming: Texture pool size is 0.00 MB
[2017.10.26-08.42.53:193][  0]LogSimplygon: Simplygon DLL not present - disabling.
[2017.10.26-08.42.53:246][  0]LogMeshReduction: Using SimplygonSwarm for distributed automatic mesh merging
[2017.10.26-08.42.53:247][  0]LogMeshReduction: Using QuadricMeshReduction for automatic static mesh reduction
[2017.10.26-08.42.53:247][  0]LogMeshReduction: No automatic skeletal mesh reduction module available
[2017.10.26-08.42.53:247][  0]LogMeshReduction: No automatic mesh merging module available
[2017.10.26-08.42.53:247][  0]LogMeshMerging: No automatic mesh merging module available
[2017.10.26-08.42.53:732][  0]LogNetVersion: MyProject , NetCL: 3573198, EngineNetVer: 2, GameNetVer: 0 (Checksum: 3113362612)
[2017.10.26-08.42.54:024][  0]LogPackageLocalizationCache: Processed 6 localized package path(s) for 2 prioritized culture(s) in 0.071204 seconds
[2017.10.26-08.42.54:032][  0]LogUObjectArray: 35825 objects as part of root set at end of initial load.
[2017.10.26-08.42.54:032][  0]LogUObjectAllocator: 7529104 out of 0 bytes used by permanent object pool.
[2017.10.26-08.42.54:032][  0]LogUObjectArray: CloseDisregardForGC: 0/0 objects in disregard for GC pool
[2017.10.26-08.42.54:115][  0]LogInit: WinSock: version 1.1 (2.2), MaxSocks=32767, MaxUdp=65467
[2017.10.26-08.42.57:485][  0]LogTcpMessaging: Initializing TcpMessaging bridge
[2017.10.26-08.42.57:533][  0]LogUdpMessaging: Initializing bridge on interface 0.0.0.0:0 to multicast group 230.0.0.1:6666.
[2017.10.26-08.42.58:423][  0]LogMaterial: Uniform references updated for custom material expression Custom.
[2017.10.26-08.42.58:952][  0]SourceControl: Source control is disabled
[2017.10.26-08.42.58:952][  0]SourceControl: Source control is disabled
[2017.10.26-08.42.59:015][  0]SourceControl: Source control is disabled
[2017.10.26-08.42.59:077][  0]SourceControl: Source control is disabled
[2017.10.26-08.42.59:831][  0]LogAndroidPermission: UAndroidPermissionCallbackProxy::GetInstance
[2017.10.26-08.43.00:150][  0]LogOcInput: OculusInput pre-init called
[2017.10.26-08.43.00:483][  0]LogEngine: Initializing Engine...
[2017.10.26-08.43.00:485][  0]LogHMD: Failed to initialize OpenVR with code 110
[2017.10.26-08.43.00:782][  0]LogStats: UGameplayTagsManager::ConstructGameplayTagTree: Construct from data asset -  0.000 s
[2017.10.26-08.43.00:782][  0]LogStats: UGameplayTagsManager::ConstructGameplayTagTree: GameplayTagTreeChangedEvent.Broadcast -  0.000 s
[2017.10.26-08.43.00:948][  0]LogAIModule: Creating AISystem for world Untitled
[2017.10.26-08.43.00:955][  0]LogInit: XAudio2 using 'Speakers / HP (IDT High Definition Audio CODEC)' : 2 channels at 48 kHz using 16 bits per sample (channel mask 0x3)
[2017.10.26-08.43.00:987][  0]LogInit: FAudioDevice initialized.
[2017.10.26-08.43.01:148][  0]LogDerivedDataCache: Saved boot cache 0.16s 93MB C:/Users/s147382/AppData/Local/UnrealEngine/4.17/DerivedDataCache/Boot.ddc.
[2017.10.26-08.43.01:163][  0]LogInit: Texture streaming: Enabled
[2017.10.26-08.43.01:313][  0]LogEngineSessionManager: EngineSessionManager initialized
[2017.10.26-08.43.01:591][  0]LogInit: Transaction tracking system initialized
[2017.10.26-08.43.01:994][  0]BlueprintLog: New page: Editor Load
[2017.10.26-08.43.03:143][  0]LocalizationService: Localization service is disabled
[2017.10.26-08.43.04:028][  0]LogConsoleResponse: Display: 
[2017.10.26-08.43.04:264][  0]LogCook: Display: Max memory allowance for cook 16384mb min free memory 0mb
[2017.10.26-08.43.04:264][  0]LogCook: Display: Mobile HDR setting 1
[2017.10.26-08.43.04:264][  0]LogGameplayTags: Display: UGameplayTagsManager::DoneAddingNativeTags. DelegateIsBound: 0
[2017.10.26-08.43.04:933][  0]LogFileCache: Scanning file cache for directory 'C:/Users/s147382/Documents/GitHub/Games-and-Play/MyProject 4.17 - 2/Content/' took 0.03s
[2017.10.26-08.43.05:623][  0]SourceControl: Source control is disabled
[2017.10.26-08.43.05:623][  0]Cmd: MAP LOAD FILE="../../../../../../Users/s147382/Documents/GitHub/Games-and-Play/MyProject 4.17 - 2/Content/RollingBP/Maps/RollingBPExampleMap.umap" TEMPLATE=0 SHOWPROGRESS=1 FEATURELEVEL=3
[2017.10.26-08.43.05:624][  0]LightingResults: New page: Lighting Build
[2017.10.26-08.43.05:677][  0]MapCheck: New page: Map Check
[2017.10.26-08.43.05:677][  0]LightingResults: New page: Lighting Build
[2017.10.26-08.43.05:871][  0]LogLinker: Warning: Can't find file '/Game/Player_Assets/Character/HeroTPP_Skeleton'
[2017.10.26-08.43.05:871][  0]LogLinker: Warning: Can't find file for asset '/Game/Player_Assets/Character/HeroTPP_Skeleton' while loading ../../../../../../Users/s147382/Documents/GitHub/Games-and-Play/MyProject 4.17 - 2/Content/vegetation_pack/Content/Player_Assets/Animations/Idle.uasset.
[2017.10.26-08.43.05:871][  0]LoadErrors: Error: /Game/vegetation_pack/Content/Player_Assets/Animations/Idle : Can't find file for asset. /Game/Player_Assets/Character/HeroTPP_Skeleton
[2017.10.26-08.43.05:872][  0]LogLinker: Warning: Can't find file '/Game/Player_Assets/Character/HeroTPP_Skeleton'
[2017.10.26-08.43.05:872][  0]LogLinker: Warning: Can't find file for asset '/Game/Player_Assets/Character/HeroTPP_Skeleton' while loading ../../../../../../Users/s147382/Documents/GitHub/Games-and-Play/MyProject 4.17 - 2/Content/vegetation_pack/Content/Player_Assets/Animations/Idle.uasset.
[2017.10.26-08.43.05:872][  0]LoadErrors: Error: /Game/vegetation_pack/Content/Player_Assets/Animations/Idle : Can't find file for asset. /Game/Player_Assets/Character/HeroTPP_Skeleton
[2017.10.26-08.43.06:598][  0]LogBlueprint: Warning: [Compiler SquirrelBlueprints3] Input Axis Event references unknown Axis 'LookUpRate' for  InputAxis LookUpRate
[2017.10.26-08.43.06:599][  0]LogBlueprint: Warning: [Compiler SquirrelBlueprints3] Input Axis Event references unknown Axis 'TurnRate' for  InputAxis TurnRate
[2017.10.26-08.43.06:599][  0]LogBlueprint: Warning: [Compiler SquirrelBlueprints3] Input Axis Event references unknown Axis 'LookUp' for  InputAxis LookUp
[2017.10.26-08.43.06:739][  0]LogBlueprint: Warning: [Compiler SquirrelBlueprints3] [0021.55] Compile of SquirrelBlueprints3 successful, but with 3 Warning(s) [in 336 ms] (/Game/Squirrel/BluePrints/SquirrelBlueprints3.SquirrelBlueprints3)
[2017.10.26-08.43.06:953][  0]LogLinker: Warning: Can't find file '/Game/Player_Assets/Character/HeroTPP_Skeleton'
[2017.10.26-08.43.06:953][  0]LoadErrors: Failed to load /Game/Player_Assets/Character/HeroTPP_Skeleton.HeroTPP_Skeleton Referenced by Idle
[2017.10.26-08.43.06:953][  0]LogLinker: Warning: Can't find file for asset '/Game/Player_Assets/Character/HeroTPP_Skeleton' while loading NULL.
[2017.10.26-08.43.06:953][  0]LoadErrors: Failed to load /Game/Player_Assets/Character/HeroTPP_Skeleton.HeroTPP_Skeleton Referenced by Idle
[2017.10.26-08.43.07:687][  0]LogAIModule: Creating AISystem for world RollingBPExampleMap
[2017.10.26-08.43.07:714][  0]LogEditorServer: Finished looking for orphan Actors (0.000 secs)
[2017.10.26-08.43.07:753][  0]Cmd: MAP CHECKDEP NOCLEARLOG
[2017.10.26-08.43.07:844][  0]MapCheck: Map check complete: 0 Error(s), 0 Warning(s), took 91.069ms to complete.
[2017.10.26-08.43.07:844][  0]LogFileHelpers: Loading map 'RollingBPExampleMap' took 2.222
[2017.10.26-08.43.08:001][  0]LogCollectionManager: Loaded 0 collections in 0.002143 seconds
[2017.10.26-08.43.08:093][  0]LogFileCache: Scanning file cache for directory 'C:/Users/s147382/Documents/GitHub/Games-and-Play/MyProject 4.17 - 2/Saved/Collections/' took 0.01s
[2017.10.26-08.43.08:094][  0]LogFileCache: Scanning file cache for directory 'C:/Users/s147382/Documents/GitHub/Games-and-Play/MyProject 4.17 - 2/Content/Developers/s147382/Collections/' took 0.01s
[2017.10.26-08.43.08:094][  0]LogFileCache: Scanning file cache for directory 'C:/Users/s147382/Documents/GitHub/Games-and-Play/MyProject 4.17 - 2/Content/Collections/' took 0.01s
[2017.10.26-08.43.08:094][  0]LogCollectionManager: Rebuilt the GUID cache for 0 collections in 0.000000 seconds
[2017.10.26-08.43.08:105][  0]LogContentBrowser: Native class hierarchy populated in 0.0115 seconds. Added 2392 classes and 503 folders.
[2017.10.26-08.43.08:194][  0]LogContentBrowser: Native class hierarchy updated for 'WidgetCarousel' in 0.0008 seconds. Added 0 classes and 0 folders.
[2017.10.26-08.43.08:254][  0]LogContentBrowser: Native class hierarchy updated for 'AddContentDialog' in 0.0008 seconds. Added 0 classes and 0 folders.
[2017.10.26-08.43.08:315][  0]LogContentBrowser: Native class hierarchy updated for 'SceneOutliner' in 0.0013 seconds. Added 1 classes and 2 folders.
[2017.10.26-08.43.08:340][  0]LogSlate: Took 0.000366 seconds to synchronously load lazily loaded font '../../../Engine/Content/Slate/Fonts/Roboto-Regular.ttf' (155K)
[2017.10.26-08.43.08:343][  0]LogSlate: Took 0.000209 seconds to synchronously load lazily loaded font '../../../Engine/Content/Slate/Fonts/Roboto-Bold.ttf' (160K)
[2017.10.26-08.43.08:351][  0]LogSlate: Took 0.000984 seconds to synchronously load lazily loaded font '../../../Engine/Content/Editor/Slate/Fonts/FontAwesome.ttf' (139K)
[2017.10.26-08.43.08:495][  0]LogRenderer: Reallocating scene render targets to support 1208x568 Format 10 NumSamples 1 (Frame:1).
[2017.10.26-08.43.08:590][  0]LogSlate: Took 0.000183 seconds to synchronously load lazily loaded font '../../../Engine/Content/Slate/Fonts/Roboto-Light.ttf' (159K)
[2017.10.26-08.43.08:816][  0]LogContentBrowser: Native class hierarchy updated for 'HierarchicalLODOutliner' in 0.0009 seconds. Added 1 classes and 2 folders.
[2017.10.26-08.43.08:816][  0]LogLoad: (Engine Initialization) Total time: 23.63 seconds
[2017.10.26-08.43.08:816][  0]LogLoad: (Engine Initialization) Total Blueprint compile time: 0.00 seconds
[2017.10.26-08.43.08:817][  0]LogExternalProfiler: No external profilers were discovered.  External profiling features will not be available.
[2017.10.26-08.43.08:851][  0]LogContentStreaming: Texture pool size now 1000 MB
[2017.10.26-08.43.09:034][  2]LogAssetRegistry: Asset discovery search completed in 16.6385 seconds
[2017.10.26-08.43.09:037][  2]LogCollectionManager: Rebuilt the object cache for 0 collections in 0.000000 seconds (found 0 objects)
[2017.10.26-08.43.09:037][  2]LogCollectionManager: Fixed up redirectors for 0 collections in 0.000056 seconds (updated 0 objects)
[2017.10.26-08.43.32:873][513]LogSlate: Took 0.000206 seconds to synchronously load lazily loaded font '../../../Engine/Content/Slate/Fonts/Roboto-Light.ttf' (159K)
[2017.10.26-08.43.33:705][513]LogSlate: Took 0.000215 seconds to synchronously load lazily loaded font '../../../Engine/Content/Slate/Fonts/Roboto-Regular.ttf' (155K)
[2017.10.26-08.43.34:787][513]LogAIModule: Creating AISystem for world PolyForest
[2017.10.26-08.43.35:039][513]Cmd: MAP LOAD FILE="../../../../../../Users/s147382/Documents/GitHub/Games-and-Play/MyProject 4.17 - 2/Content/Squirrel/Maps/MaisMap/PolyForest.umap" TEMPLATE=0 SHOWPROGRESS=1 FEATURELEVEL=3
[2017.10.26-08.43.35:040][513]LightingResults: New page: Lighting Build
[2017.10.26-08.43.35:040][513]LoadErrors: New page: Loading map: PolyForest.umap
[2017.10.26-08.43.35:042][513]MapCheck: New page: Map Check
[2017.10.26-08.43.35:042][513]LightingResults: New page: Lighting Build
[2017.10.26-08.43.35:745][513]LogEditorServer: Finished looking for orphan Actors (0.000 secs)
[2017.10.26-08.43.36:257][513]Cmd: MAP CHECKDEP NOCLEARLOG
[2017.10.26-08.43.36:371][513]MapCheck: Map check complete: 0 Error(s), 0 Warning(s), took 113.071ms to complete.
[2017.10.26-08.43.36:371][513]LogFileHelpers: Loading map 'PolyForest' took 1.332
[2017.10.26-08.43.38:323][561]LogTemp: Repeating last play command: Selected Viewport
[2017.10.26-08.43.38:486][561]LogBlueprintUserMessages: Early PlayInEditor Detection: Level '/Game/Squirrel/Maps/MaisMap/PolyForest.PolyForest:PersistentLevel' has LevelScriptBlueprint '/Game/Squirrel/Maps/MaisMap/PolyForest.PolyForest:PersistentLevel.PolyForest' with GeneratedClass '/Game/Squirrel/Maps/MaisMap/PolyForest.PolyForest_C' with ClassGeneratedBy '/Game/Squirrel/Maps/MaisMap/PolyForest.PolyForest:PersistentLevel.PolyForest'
[2017.10.26-08.43.38:486][561]LogPlayLevel: PlayLevel: No blueprints needed recompiling
[2017.10.26-08.43.38:487][561]PIE: New page: PIE session: PolyForest (Oct 26, 2017, 12:43:38 PM)
[2017.10.26-08.43.38:487][561]LogPlayLevel: Creating play world package: /Game/Squirrel/Maps/MaisMap/UEDPIE_0_PolyForest
[2017.10.26-08.43.38:699][561]LogPlayLevel: PIE: StaticDuplicateObject took: (0.212108s)
[2017.10.26-08.43.38:700][561]LogAIModule: Creating AISystem for world PolyForest
[2017.10.26-08.43.38:700][561]LogPlayLevel: PIE: World Init took: (0.001220s)
[2017.10.26-08.43.38:700][561]LogPlayLevel: PIE: Created PIE world by copying editor world from /Game/Squirrel/Maps/MaisMap/PolyForest.PolyForest to /Game/Squirrel/Maps/MaisMap/UEDPIE_0_PolyForest.PolyForest (0.213784s)
[2017.10.26-08.43.38:721][561]LogInit: XAudio2 using 'Speakers / HP (IDT High Definition Audio CODEC)' : 2 channels at 48 kHz using 16 bits per sample (channel mask 0x3)
[2017.10.26-08.43.38:742][561]LogInit: FAudioDevice initialized.
[2017.10.26-08.43.38:791][561]LogLoad: Game class is 'MyGame_C'
[2017.10.26-08.43.38:842][561]LogWorld: Bringing World /Game/Squirrel/Maps/MaisMap/UEDPIE_0_PolyForest.PolyForest up for play (max tick rate 0) at 2017.10.26-10.43.38
[2017.10.26-08.43.38:845][561]LogWorld: Bringing up level for play took: 0.051636
[2017.10.26-08.43.38:900][561]LogContentBrowser: Native class hierarchy updated for 'MovieSceneCapture' in 0.0009 seconds. Added 11 classes and 0 folders.
[2017.10.26-08.43.38:900][561]LogGameMode: Display: Match State Changed from EnteringMap to WaitingToStart
[2017.10.26-08.43.38:900][561]LogGameState: Match State Changed from EnteringMap to WaitingToStart
[2017.10.26-08.43.38:900][561]LogGameMode: Display: Match State Changed from WaitingToStart to InProgress
[2017.10.26-08.43.38:901][561]PIE: Warning: Invalid Simulate Options: Body (SquirrelBlueprints3_C_0.CharacterMesh0 Squirrel_Skeleton_updated) is set to simulate physics but Collision Enabled is incompatible
[2017.10.26-08.43.38:901][561]PIE: Warning: Invalid Simulate Options: Body (SquirrelBlueprints3_C_0.CharacterMesh0 Squirrel_Skeleton_updated) is set to simulate physics but Collision Enabled is incompatible
[2017.10.26-08.43.38:905][561]LogGameState: Match State Changed from WaitingToStart to InProgress
[2017.10.26-08.43.38:905][561]PIE: Play in editor start time for /Game/Squirrel/Maps/MaisMap/UEDPIE_0_PolyForest -0.219
[2017.10.26-08.43.38:906][561]LogBlueprintUserMessages: Late PlayInEditor Detection: Level '/Game/Squirrel/Maps/MaisMap/PolyForest.PolyForest:PersistentLevel' has LevelScriptBlueprint '/Game/Squirrel/Maps/MaisMap/PolyForest.PolyForest:PersistentLevel.PolyForest' with GeneratedClass '/Game/Squirrel/Maps/MaisMap/PolyForest.PolyForest_C' with ClassGeneratedBy '/Game/Squirrel/Maps/MaisMap/PolyForest.PolyForest:PersistentLevel.PolyForest'
[2017.10.26-08.44.09:806][400]LogParticles: Warning: Particle Notify: Particle system is null for particle notify 'PlayParticleEffect' in anim: '/Game/Squirrel/Animations/Rolling.Rolling'
[2017.10.26-08.44.10:475][417]LogParticles: Warning: Particle Notify: Particle system is null for particle notify 'PlayParticleEffect' in anim: '/Game/Squirrel/Animations/Rolling.Rolling'
[2017.10.26-08.44.11:142][434]LogParticles: Warning: Particle Notify: Particle system is null for particle notify 'PlayParticleEffect' in anim: '/Game/Squirrel/Animations/Rolling.Rolling'
[2017.10.26-08.44.11:808][451]LogParticles: Warning: Particle Notify: Particle system is null for particle notify 'PlayParticleEffect' in anim: '/Game/Squirrel/Animations/Rolling.Rolling'
[2017.10.26-08.44.13:481][494]LogParticles: Warning: Particle Notify: Particle system is null for particle notify 'PlayParticleEffect' in anim: '/Game/Squirrel/Animations/Rolling.Rolling'
[2017.10.26-08.44.14:136][511]LogParticles: Warning: Particle Notify: Particle system is null for particle notify 'PlayParticleEffect' in anim: '/Game/Squirrel/Animations/Rolling.Rolling'
[2017.10.26-08.44.15:998][559]LogParticles: Warning: Particle Notify: Particle system is null for particle notify 'PlayParticleEffect' in anim: '/Game/Squirrel/Animations/Rolling.Rolling'
[2017.10.26-08.44.17:572][601]LogParticles: Warning: Particle Notify: Particle system is null for particle notify 'PlayParticleEffect' in anim: '/Game/Squirrel/Animations/Rolling.Rolling'
[2017.10.26-08.44.19:196][645]LogParticles: Warning: Particle Notify: Particle system is null for particle notify 'PlayParticleEffect' in anim: '/Game/Squirrel/Animations/Rolling.Rolling'
[2017.10.26-08.44.19:868][663]LogParticles: Warning: Particle Notify: Particle system is null for particle notify 'PlayParticleEffect' in anim: '/Game/Squirrel/Animations/Rolling.Rolling'
[2017.10.26-08.44.20:534][681]LogParticles: Warning: Particle Notify: Particle system is null for particle notify 'PlayParticleEffect' in anim: '/Game/Squirrel/Animations/Rolling.Rolling'
[2017.10.26-08.44.21:162][698]LogParticles: Warning: Particle Notify: Particle system is null for particle notify 'PlayParticleEffect' in anim: '/Game/Squirrel/Animations/Rolling.Rolling'
[2017.10.26-08.44.23:283][752]LogParticles: Warning: Particle Notify: Particle system is null for particle notify 'PlayParticleEffect' in anim: '/Game/Squirrel/Animations/Rolling.Rolling'
[2017.10.26-08.44.26:278][830]LogParticles: Warning: Particle Notify: Particle system is null for particle notify 'PlayParticleEffect' in anim: '/Game/Squirrel/Animations/Rolling.Rolling'
[2017.10.26-08.44.28:868][897]LogParticles: Warning: Particle Notify: Particle system is null for particle notify 'PlayParticleEffect' in anim: '/Game/Squirrel/Animations/Rolling.Rolling'
[2017.10.26-08.44.29:527][914]LogParticles: Warning: Particle Notify: Particle system is null for particle notify 'PlayParticleEffect' in anim: '/Game/Squirrel/Animations/Rolling.Rolling'
[2017.10.26-08.44.30:193][931]LogParticles: Warning: Particle Notify: Particle system is null for particle notify 'PlayParticleEffect' in anim: '/Game/Squirrel/Animations/Rolling.Rolling'
[2017.10.26-08.44.32:075][980]LogParticles: Warning: Particle Notify: Particle system is null for particle notify 'PlayParticleEffect' in anim: '/Game/Squirrel/Animations/Rolling.Rolling'
[2017.10.26-08.44.32:741][998]LogParticles: Warning: Particle Notify: Particle system is null for particle notify 'PlayParticleEffect' in anim: '/Game/Squirrel/Animations/Rolling.Rolling'
[2017.10.26-08.44.33:344][ 14]LogBlueprintUserMessages: [SquirrelBlueprints3_C_0] Saved
[2017.10.26-08.45.25:500][384]LogBlueprintUserMessages: Early EndPlayMap Detection: Level '/Game/Squirrel/Maps/MaisMap/PolyForest.PolyForest:PersistentLevel' has LevelScriptBlueprint '/Game/Squirrel/Maps/MaisMap/PolyForest.PolyForest:PersistentLevel.PolyForest' with GeneratedClass '/Game/Squirrel/Maps/MaisMap/PolyForest.PolyForest_C' with ClassGeneratedBy '/Game/Squirrel/Maps/MaisMap/PolyForest.PolyForest:PersistentLevel.PolyForest'
[2017.10.26-08.45.25:587][384]LogBlueprintUserMessages: Late EndPlayMap Detection: Level '/Game/Squirrel/Maps/MaisMap/PolyForest.PolyForest:PersistentLevel' has LevelScriptBlueprint '/Game/Squirrel/Maps/MaisMap/PolyForest.PolyForest:PersistentLevel.PolyForest' with GeneratedClass '/Game/Squirrel/Maps/MaisMap/PolyForest.PolyForest_C' with ClassGeneratedBy '/Game/Squirrel/Maps/MaisMap/PolyForest.PolyForest:PersistentLevel.PolyForest'
[2017.10.26-08.45.38:545][680]LogEditorViewport: Clicking on Actor (LMB): PlayerStart (PlayerStart)
[2017.10.26-08.45.40:462][723]LogEditorViewport: Clicking on Actor (context menu): StaticMeshActor (OakTree3)
[2017.10.26-08.45.42:391][753]LogEditorViewport: Clicking on Actor (context menu): Landscape (Landscape2)
[2017.10.26-08.45.43:565][770]LogEditorViewport: Clicking on Actor (context menu): PlayerStart (PlayerStart)
[2017.10.26-08.45.45:857][817]LogEditorViewport: Clicking on Actor (LMB): Landscape (Landscape2)
[2017.10.26-08.45.55:245][ 13]LogEditorViewport: Clicking on Actor (LMB): Fruit_C (Fruit2)
[2017.10.26-08.45.56:221][ 34]Cmd: DELETE
[2017.10.26-08.45.56:222][ 34]Cmd: ACTOR DELETE
[2017.10.26-08.45.56:316][ 34]LogEditorActor: Deleted Actor: Fruit_C
[2017.10.26-08.45.56:334][ 34]LogEditorActor: Deleted 1 Actors (0.036 secs)
[2017.10.26-08.46.18:463][584]LogEditorViewport: Clicking on Actor (LMB): Fruit_C (Fruit)
[2017.10.26-08.46.36:029][997]LogContentBrowser: Native class hierarchy updated for 'BlueprintGraph' in 0.0014 seconds. Added 113 classes and 0 folders.
[2017.10.26-08.46.37:045][997]LogSlate: Took 0.000269 seconds to synchronously load lazily loaded font '../../../Engine/Content/Editor/Slate/Fonts/Roboto-BoldCondensed.ttf' (158K)
[2017.10.26-08.46.37:147][998]LogSlate: Took 0.000271 seconds to synchronously load lazily loaded font '../../../Engine/Content/Editor/Slate/Fonts/Roboto-Italic.ttf' (157K)
[2017.10.26-08.46.41:852][ 90]LogRenderer: Reallocating scene render targets to support 1208x704 Format 10 NumSamples 1 (Frame:1).
[2017.10.26-08.47.24:080][706]BlueprintLog: New page: Compile Fruit
[2017.10.26-08.47.25:300][715]LogSavePackage: Save=36.60ms
[2017.10.26-08.47.25:300][715]LogSavePackage: Moving '../../../../../../Users/s147382/Documents/GitHub/Games-and-Play/MyProject 4.17 - 2/Saved/FruitDD3E1E52407140047619E48FB42B3D5C.tmp' to '../../../../../../Users/s147382/Documents/GitHub/Games-and-Play/MyProject 4.17 - 2/Content/RollingBP/Blueprints/Fruit.uasset'
[2017.10.26-08.47.25:303][715]LogSavePackage: Display: Finished SavePackage ../../../../../../Users/s147382/Documents/GitHub/Games-and-Play/MyProject 4.17 - 2/Content/RollingBP/Blueprints/Fruit.uasset
[2017.10.26-08.55.11:736][773]LogSlate: Took 0.000318 seconds to synchronously load lazily loaded font '../../../Engine/Content/Slate/Fonts/Roboto-Light.ttf' (159K)
[2017.10.26-08.55.24:577][800]LogSavePackage: Save=3767.91ms
[2017.10.26-08.55.24:577][800]LogSavePackage: Moving '../../../../../../Users/s147382/Documents/GitHub/Games-and-Play/MyProject 4.17 - 2/Saved/PolyForest_Auto1C64A65DD4CB0D9229E7599B48A93258B.tmp' to '../../../../../../Users/s147382/Documents/GitHub/Games-and-Play/MyProject 4.17 - 2/Saved/Autosaves/Game/Squirrel/Maps/MaisMap/PolyForest_Auto1.umap'
[2017.10.26-08.55.24:583][800]LogSavePackage: Display: Finished SavePackage ../../../../../../Users/s147382/Documents/GitHub/Games-and-Play/MyProject 4.17 - 2/Saved/Autosaves/Game/Squirrel/Maps/MaisMap/PolyForest_Auto1.umap
[2017.10.26-08.55.24:594][800]LogFileHelpers: Editor autosave (incl. sublevels) for '/Game/Squirrel/Maps/MaisMap/PolyForest' took 3.834
[2017.10.26-08.55.24:594][800]LogFileHelpers: Editor autosave (incl. sublevels) for all levels took 3.834
[2017.10.26-09.01.50:376][103]LogTemp: Executing iPhonePackager certificates Engine -bundlename com.YourCompany.MyProject
[2017.10.26-09.01.50:376][103]LogTemp: CWD: C:\Program Files\Epic Games\UE_4.17\Engine\Binaries\DotNET\IOS
[2017.10.26-09.01.50:376][103]LogTemp: Initial Dir: C:\Program Files\Epic Games\UE_4.17
[2017.10.26-09.01.50:376][103]LogTemp: Env CWD: C:\Program Files\Epic Games\UE_4.17\Engine\Binaries\DotNET\IOS
[2017.10.26-09.01.50:632][109]LogTemp: BranchPath = S147382/C/Program Files/Epic Games/UE_4.17/Engine/Binaries --- GameBranchPath = S147382/C/Program Files/Epic Games/UE_4.17/Engine/Binaries
[2017.10.26-09.01.51:571][130]LogTemp: IPP ERROR: Could not find provision directory 'C:\Users\s147382\AppData\Local/Apple Computer/MobileDevice/Provisioning Profiles/'.
[2017.10.26-09.06.22:080][768]LogEditorViewport: Clicking on Actor (LMB): Landscape (Landscape2)
[2017.10.26-09.10.17:576][719]LogTemp: Repeating last play command: Selected Viewport
[2017.10.26-09.10.17:601][719]LogBlueprintUserMessages: Early PlayInEditor Detection: Level '/Game/Squirrel/Maps/MaisMap/PolyForest.PolyForest:PersistentLevel' has LevelScriptBlueprint '/Game/Squirrel/Maps/MaisMap/PolyForest.PolyForest:PersistentLevel.PolyForest' with GeneratedClass '/Game/Squirrel/Maps/MaisMap/PolyForest.PolyForest_C' with ClassGeneratedBy '/Game/Squirrel/Maps/MaisMap/PolyForest.PolyForest:PersistentLevel.PolyForest'
[2017.10.26-09.10.17:601][719]LogPlayLevel: PlayLevel: No blueprints needed recompiling
[2017.10.26-09.10.17:601][719]PIE: New page: PIE session: PolyForest (Oct 26, 2017, 1:10:17 PM)
[2017.10.26-09.10.17:601][719]LogPlayLevel: Creating play world package: /Game/Squirrel/Maps/MaisMap/UEDPIE_0_PolyForest
[2017.10.26-09.10.17:809][719]LogPlayLevel: PIE: StaticDuplicateObject took: (0.207606s)
[2017.10.26-09.10.17:811][719]LogAIModule: Creating AISystem for world PolyForest
[2017.10.26-09.10.17:811][719]LogPlayLevel: PIE: World Init took: (0.002146s)
[2017.10.26-09.10.17:811][719]LogPlayLevel: PIE: Created PIE world by copying editor world from /Game/Squirrel/Maps/MaisMap/PolyForest.PolyForest to /Game/Squirrel/Maps/MaisMap/UEDPIE_0_PolyForest.PolyForest (0.210182s)
[2017.10.26-09.10.17:841][719]LogInit: XAudio2 using 'Speakers / HP (IDT High Definition Audio CODEC)' : 2 channels at 48 kHz using 16 bits per sample (channel mask 0x3)
[2017.10.26-09.10.17:882][719]LogInit: FAudioDevice initialized.
[2017.10.26-09.10.17:918][719]LogLoad: Game class is 'MyGame_C'
[2017.10.26-09.10.17:964][719]LogWorld: Bringing World /Game/Squirrel/Maps/MaisMap/UEDPIE_0_PolyForest.PolyForest up for play (max tick rate 0) at 2017.10.26-11.10.17
[2017.10.26-09.10.17:967][719]LogWorld: Bringing up level for play took: 0.048302
[2017.10.26-09.10.17:968][719]LogGameMode: Display: Match State Changed from EnteringMap to WaitingToStart
[2017.10.26-09.10.17:968][719]LogGameState: Match State Changed from EnteringMap to WaitingToStart
[2017.10.26-09.10.17:968][719]LogGameMode: Display: Match State Changed from WaitingToStart to InProgress
[2017.10.26-09.10.17:968][719]PIE: Warning: Invalid Simulate Options: Body (SquirrelBlueprints3_C_0.CharacterMesh0 Squirrel_Skeleton_updated) is set to simulate physics but Collision Enabled is incompatible
[2017.10.26-09.10.17:968][719]PIE: Warning: Invalid Simulate Options: Body (SquirrelBlueprints3_C_0.CharacterMesh0 Squirrel_Skeleton_updated) is set to simulate physics but Collision Enabled is incompatible
[2017.10.26-09.10.18:001][719]LogGameState: Match State Changed from WaitingToStart to InProgress
[2017.10.26-09.10.18:001][719]PIE: Play in editor start time for /Game/Squirrel/Maps/MaisMap/UEDPIE_0_PolyForest 0.88
[2017.10.26-09.10.18:002][719]LogBlueprintUserMessages: Late PlayInEditor Detection: Level '/Game/Squirrel/Maps/MaisMap/PolyForest.PolyForest:PersistentLevel' has LevelScriptBlueprint '/Game/Squirrel/Maps/MaisMap/PolyForest.PolyForest:PersistentLevel.PolyForest' with GeneratedClass '/Game/Squirrel/Maps/MaisMap/PolyForest.PolyForest_C' with ClassGeneratedBy '/Game/Squirrel/Maps/MaisMap/PolyForest.PolyForest:PersistentLevel.PolyForest'
[2017.10.26-09.10.19:657][751]LogBlueprintUserMessages: Early EndPlayMap Detection: Level '/Game/Squirrel/Maps/MaisMap/PolyForest.PolyForest:PersistentLevel' has LevelScriptBlueprint '/Game/Squirrel/Maps/MaisMap/PolyForest.PolyForest:PersistentLevel.PolyForest' with GeneratedClass '/Game/Squirrel/Maps/MaisMap/PolyForest.PolyForest_C' with ClassGeneratedBy '/Game/Squirrel/Maps/MaisMap/PolyForest.PolyForest:PersistentLevel.PolyForest'
[2017.10.26-09.10.19:771][751]LogBlueprintUserMessages: Late EndPlayMap Detection: Level '/Game/Squirrel/Maps/MaisMap/PolyForest.PolyForest:PersistentLevel' has LevelScriptBlueprint '/Game/Squirrel/Maps/MaisMap/PolyForest.PolyForest:PersistentLevel.PolyForest' with GeneratedClass '/Game/Squirrel/Maps/MaisMap/PolyForest.PolyForest_C' with ClassGeneratedBy '/Game/Squirrel/Maps/MaisMap/PolyForest.PolyForest:PersistentLevel.PolyForest'
[2017.10.26-09.10.22:834][804]LogTemp: Repeating last play command: Selected Viewport
[2017.10.26-09.10.22:854][804]LogBlueprintUserMessages: Early PlayInEditor Detection: Level '/Game/Squirrel/Maps/MaisMap/PolyForest.PolyForest:PersistentLevel' has LevelScriptBlueprint '/Game/Squirrel/Maps/MaisMap/PolyForest.PolyForest:PersistentLevel.PolyForest' with GeneratedClass '/Game/Squirrel/Maps/MaisMap/PolyForest.PolyForest_C' with ClassGeneratedBy '/Game/Squirrel/Maps/MaisMap/PolyForest.PolyForest:PersistentLevel.PolyForest'
[2017.10.26-09.10.22:854][804]LogPlayLevel: PlayLevel: No blueprints needed recompiling
[2017.10.26-09.10.22:855][804]PIE: New page: PIE session: PolyForest (Oct 26, 2017, 1:10:22 PM)
[2017.10.26-09.10.22:855][804]LogPlayLevel: Creating play world package: /Game/Squirrel/Maps/MaisMap/UEDPIE_0_PolyForest
[2017.10.26-09.10.23:051][804]LogPlayLevel: PIE: StaticDuplicateObject took: (0.196853s)
[2017.10.26-09.10.23:053][804]LogAIModule: Creating AISystem for world PolyForest
[2017.10.26-09.10.23:053][804]LogPlayLevel: PIE: World Init took: (0.001221s)
[2017.10.26-09.10.23:053][804]LogPlayLevel: PIE: Created PIE world by copying editor world from /Game/Squirrel/Maps/MaisMap/PolyForest.PolyForest to /Game/Squirrel/Maps/MaisMap/UEDPIE_0_PolyForest.PolyForest (0.198613s)
[2017.10.26-09.10.23:084][804]LogInit: XAudio2 using 'Speakers / HP (IDT High Definition Audio CODEC)' : 2 channels at 48 kHz using 16 bits per sample (channel mask 0x3)
[2017.10.26-09.10.23:103][804]LogInit: FAudioDevice initialized.
[2017.10.26-09.10.23:139][804]LogLoad: Game class is 'MyGame_C'
[2017.10.26-09.10.23:187][804]LogWorld: Bringing World /Game/Squirrel/Maps/MaisMap/UEDPIE_0_PolyForest.PolyForest up for play (max tick rate 0) at 2017.10.26-11.10.23
[2017.10.26-09.10.23:189][804]LogWorld: Bringing up level for play took: 0.048608
[2017.10.26-09.10.23:190][804]LogGameMode: Display: Match State Changed from EnteringMap to WaitingToStart
[2017.10.26-09.10.23:190][804]LogGameState: Match State Changed from EnteringMap to WaitingToStart
[2017.10.26-09.10.23:190][804]LogGameMode: Display: Match State Changed from WaitingToStart to InProgress
[2017.10.26-09.10.23:190][804]PIE: Warning: Invalid Simulate Options: Body (SquirrelBlueprints3_C_0.CharacterMesh0 Squirrel_Skeleton_updated) is set to simulate physics but Collision Enabled is incompatible
[2017.10.26-09.10.23:191][804]PIE: Warning: Invalid Simulate Options: Body (SquirrelBlueprints3_C_0.CharacterMesh0 Squirrel_Skeleton_updated) is set to simulate physics but Collision Enabled is incompatible
[2017.10.26-09.10.23:194][804]LogGameState: Match State Changed from WaitingToStart to InProgress
[2017.10.26-09.10.23:194][804]PIE: Play in editor start time for /Game/Squirrel/Maps/MaisMap/UEDPIE_0_PolyForest 0.072
[2017.10.26-09.10.23:194][804]LogBlueprintUserMessages: Late PlayInEditor Detection: Level '/Game/Squirrel/Maps/MaisMap/PolyForest.PolyForest:PersistentLevel' has LevelScriptBlueprint '/Game/Squirrel/Maps/MaisMap/PolyForest.PolyForest:PersistentLevel.PolyForest' with GeneratedClass '/Game/Squirrel/Maps/MaisMap/PolyForest.PolyForest_C' with ClassGeneratedBy '/Game/Squirrel/Maps/MaisMap/PolyForest.PolyForest:PersistentLevel.PolyForest'
[2017.10.26-09.10.40:733][263]LogBlueprintUserMessages: Early EndPlayMap Detection: Level '/Game/Squirrel/Maps/MaisMap/PolyForest.PolyForest:PersistentLevel' has LevelScriptBlueprint '/Game/Squirrel/Maps/MaisMap/PolyForest.PolyForest:PersistentLevel.PolyForest' with GeneratedClass '/Game/Squirrel/Maps/MaisMap/PolyForest.PolyForest_C' with ClassGeneratedBy '/Game/Squirrel/Maps/MaisMap/PolyForest.PolyForest:PersistentLevel.PolyForest'
[2017.10.26-09.10.40:828][263]LogBlueprintUserMessages: Late EndPlayMap Detection: Level '/Game/Squirrel/Maps/MaisMap/PolyForest.PolyForest:PersistentLevel' has LevelScriptBlueprint '/Game/Squirrel/Maps/MaisMap/PolyForest.PolyForest:PersistentLevel.PolyForest' with GeneratedClass '/Game/Squirrel/Maps/MaisMap/PolyForest.PolyForest_C' with ClassGeneratedBy '/Game/Squirrel/Maps/MaisMap/PolyForest.PolyForest:PersistentLevel.PolyForest'
[2017.10.26-09.11.38:565][927]LogFileHelpers: Editor autosave (incl. sublevels) for '/Game/Squirrel/Maps/MaisMap/PolyForest' took 0.028
[2017.10.26-09.11.38:568][927]OBJ SavePackage: Generating thumbnails for [1] asset(s) in package [/Game/Squirrel/BluePrints/SquirrelBlueprints3] ([1] browsable assets)...
[2017.10.26-09.11.38:655][927]OBJ SavePackage:     Rendered thumbnail for [Blueprint /Game/Squirrel/BluePrints/SquirrelBlueprints3.SquirrelBlueprints3]
[2017.10.26-09.11.38:655][927]OBJ SavePackage: Finished generating thumbnails for package [/Game/Squirrel/BluePrints/SquirrelBlueprints3]
[2017.10.26-09.11.39:374][927]LogSavePackage: Save=646.21ms
[2017.10.26-09.11.39:375][927]LogSavePackage: Moving '../../../../../../Users/s147382/Documents/GitHub/Games-and-Play/MyProject 4.17 - 2/Saved/SquirrelBlueprints3_Auto23DD72D51462094448AED8AAF7F59C7B2.tmp' to '../../../../../../Users/s147382/Documents/GitHub/Games-and-Play/MyProject 4.17 - 2/Saved/Autosaves/Game/Squirrel/BluePrints/SquirrelBlueprints3_Auto2.uasset'
[2017.10.26-09.11.39:377][927]LogSavePackage: Display: Finished SavePackage ../../../../../../Users/s147382/Documents/GitHub/Games-and-Play/MyProject 4.17 - 2/Saved/Autosaves/Game/Squirrel/BluePrints/SquirrelBlueprints3_Auto2.uasset
[2017.10.26-09.11.39:385][927]LogFileHelpers: Auto-saving content packages took 0.811
[2017.10.26-09.13.33:416][663]LogScriptCore: Warning: Script Msg: Attempted to access index 0 from array 'CallFunc_GetAllActorsOfClass_OutActors' of length 0 in '/Game/Squirrel/BluePrints/SquirrelBlueprints3.SquirrelBlueprints3_C:SpawnPlayer'!
[2017.10.26-09.13.37:343][698]LogSavePackage: Save=580.27ms
[2017.10.26-09.13.37:343][698]LogSavePackage: Moving '../../../../../../Users/s147382/Documents/GitHub/Games-and-Play/MyProject 4.17 - 2/Saved/SquirrelBlueprints30AEDAB1E4BEF10B26A3FDE83C36FF1B2.tmp' to '../../../../../../Users/s147382/Documents/GitHub/Games-and-Play/MyProject 4.17 - 2/Content/Squirrel/BluePrints/SquirrelBlueprints3.uasset'
[2017.10.26-09.13.37:347][698]LogSavePackage: Display: Finished SavePackage ../../../../../../Users/s147382/Documents/GitHub/Games-and-Play/MyProject 4.17 - 2/Content/Squirrel/BluePrints/SquirrelBlueprints3.uasset
[2017.10.26-09.13.44:820][698]LogSavePackage: Save=7139.19ms
[2017.10.26-09.13.44:820][698]LogSavePackage: Moving '../../../../../../Users/s147382/Documents/GitHub/Games-and-Play/MyProject 4.17 - 2/Saved/PolyForest2170EAA24D9FFBA77FE8488BA5682268.tmp' to '../../../../../../Users/s147382/Documents/GitHub/Games-and-Play/MyProject 4.17 - 2/Content/Squirrel/Maps/MaisMap/PolyForest.umap'
[2017.10.26-09.13.44:827][698]LogSavePackage: Display: Finished SavePackage ../../../../../../Users/s147382/Documents/GitHub/Games-and-Play/MyProject 4.17 - 2/Content/Squirrel/Maps/MaisMap/PolyForest.umap
[2017.10.26-09.13.44:850][698]LogFileHelpers: Saving map 'PolyForest' took 7.479
[2017.10.26-09.13.45:007][698]LogWindowsTextInputMethodSystem: Display: IME system now deactivated.
[2017.10.26-09.13.45:353][699]Cmd: QUIT_EDITOR
[2017.10.26-09.13.45:828][699]LogExit: Preparing to exit.
[2017.10.26-09.13.46:933][699]LogDirectoryWatcher: A directory notification for 'C:/Users/s147382/Documents/GitHub/Games-and-Play/MyProject 4.17 - 2/Content/' was aborted.
[2017.10.26-09.13.47:281][699]LogExit: Editor shut down
[2017.10.26-09.13.47:286][699]LogExit: Transaction tracking system shut down
[2017.10.26-09.13.47:574][699]LogDirectoryWatcher: A directory notification for '../../../Engine/Content/' was aborted.
[2017.10.26-09.13.47:574][699]LogDirectoryWatcher: A directory notification for '../../../../../../Users/s147382/Documents/GitHub/Games-and-Play/MyProject 4.17 - 2/Content/' was aborted.
[2017.10.26-09.13.47:574][699]LogDirectoryWatcher: A directory notification for '../../../Engine/Plugins/2D/Paper2D/Content/' was aborted.
[2017.10.26-09.13.47:574][699]LogDirectoryWatcher: A directory notification for '../../../Engine/Plugins/Runtime/Oculus/OculusVR/Content/' was aborted.
[2017.10.26-09.13.47:574][699]LogDirectoryWatcher: A directory notification for '../../../Engine/Plugins/Runtime/Steam/SteamVR/Content/' was aborted.
[2017.10.26-09.13.48:954][699]LogExit: Object subsystem successfully closed.
[2017.10.26-09.13.49:337][699]LogD3D11RHI: Shutdown
[2017.10.26-09.13.49:347][699]LogD3D11RHI: CleanupD3DDevice
[2017.10.26-09.13.49:625][699]LogD3D11RHI: ~FD3D11DynamicRHI
[2017.10.26-09.13.50:616][699]LogModuleManager: Shutting down and abandoning module ExternalImagePicker (540)
[2017.10.26-09.13.50:616][699]LogModuleManager: Shutting down and abandoning module BlueprintGraph (538)
[2017.10.26-09.13.50:616][699]LogModuleManager: Shutting down and abandoning module BlueprintProfiler (536)
[2017.10.26-09.13.50:623][699]LogModuleManager: Shutting down and abandoning module MovieSceneCapture (534)
[2017.10.26-09.13.50:623][699]LogModuleManager: Shutting down and abandoning module HierarchicalLODOutliner (532)
[2017.10.26-09.13.50:623][699]LogModuleManager: Shutting down and abandoning module SceneOutliner (530)
[2017.10.26-09.13.50:627][699]LogModuleManager: Shutting down and abandoning module AddContentDialog (528)
[2017.10.26-09.13.50:636][699]LogDirectoryWatcher: A directory notification for 'C:/Program Files/Epic Games/UE_4.17/FeaturePacks/' was aborted.
[2017.10.26-09.13.50:638][699]LogModuleManager: Shutting down and abandoning module WidgetCarousel (527)
[2017.10.26-09.13.50:638][699]LogModuleManager: Shutting down and abandoning module EditorWidgets (524)
[2017.10.26-09.13.50:638][699]LogModuleManager: Shutting down and abandoning module CollectionManager (522)
[2017.10.26-09.13.50:646][699]LogDirectoryWatcher: A directory notification for 'C:/Users/s147382/Documents/GitHub/Games-and-Play/MyProject 4.17 - 2/Content/Collections/' was aborted.
[2017.10.26-09.13.50:646][699]LogDirectoryWatcher: A directory notification for 'C:/Users/s147382/Documents/GitHub/Games-and-Play/MyProject 4.17 - 2/Content/Developers/s147382/Collections/' was aborted.
[2017.10.26-09.13.50:646][699]LogDirectoryWatcher: A directory notification for 'C:/Users/s147382/Documents/GitHub/Games-and-Play/MyProject 4.17 - 2/Saved/Collections/' was aborted.
[2017.10.26-09.13.50:646][699]LogModuleManager: Shutting down and abandoning module StatsViewer (520)
[2017.10.26-09.13.50:657][699]LogModuleManager: Shutting down and abandoning module FoliageEdit (518)
[2017.10.26-09.13.50:657][699]LogModuleManager: Shutting down and abandoning module LandscapeEditor (516)
[2017.10.26-09.13.50:676][699]LogModuleManager: Shutting down and abandoning module MeshPaintMode (514)
[2017.10.26-09.13.50:676][699]LogModuleManager: Shutting down and abandoning module SceneDepthPickerMode (512)
[2017.10.26-09.13.50:676][699]LogModuleManager: Shutting down and abandoning module ActorPickerMode (510)
[2017.10.26-09.13.50:676][699]LogModuleManager: Shutting down and abandoning module GeometryMode (508)
[2017.10.26-09.13.50:676][699]LogModuleManager: Shutting down and abandoning module TextureAlignMode (506)
[2017.10.26-09.13.50:676][699]LogModuleManager: Shutting down and abandoning module BspMode (504)
[2017.10.26-09.13.50:684][699]LogModuleManager: Shutting down and abandoning module PIEPreviewDeviceProfileSelector (502)
[2017.10.26-09.13.50:684][699]LogModuleManager: Shutting down and abandoning module HardwareSurvey (500)
[2017.10.26-09.13.50:684][699]LogModuleManager: Shutting down and abandoning module SequenceRecorderSections (498)
[2017.10.26-09.13.50:694][699]LogModuleManager: Shutting down and abandoning module AutomationWorker (496)
[2017.10.26-09.13.50:705][699]LogModuleManager: Shutting down and abandoning module MatineeToLevelSequence (494)
[2017.10.26-09.13.50:705][699]LogModuleManager: Shutting down and abandoning module LevelSequenceEditor (492)
[2017.10.26-09.13.50:761][699]LogModuleManager: Shutting down and abandoning module PlacementMode (491)
[2017.10.26-09.13.50:761][699]LogModuleManager: Shutting down and abandoning module WmfMediaFactory (488)
[2017.10.26-09.13.50:762][699]LogModuleManager: Shutting down and abandoning module WmfMediaEditor (486)
[2017.10.26-09.13.50:762][699]LogModuleManager: Shutting down and abandoning module AvfMediaFactory (484)
[2017.10.26-09.13.50:762][699]LogModuleManager: Shutting down and abandoning module AvfMediaEditor (482)
[2017.10.26-09.13.50:762][699]LogModuleManager: Shutting down and abandoning module AndroidMediaFactory (480)
[2017.10.26-09.13.50:762][699]LogModuleManager: Shutting down and abandoning module Media (479)
[2017.10.26-09.13.50:762][699]LogModuleManager: Shutting down and abandoning module AndroidMediaEditor (476)
[2017.10.26-09.13.50:762][699]LogModuleManager: Shutting down and abandoning module CharacterAI (474)
[2017.10.26-09.13.50:762][699]LogModuleManager: Shutting down and abandoning module AudioCapture (472)
[2017.10.26-09.13.50:762][699]LogModuleManager: Shutting down and abandoning module SequenceRecorder (471)
[2017.10.26-09.13.50:775][699]LogModuleManager: Shutting down and abandoning module SmartSnapping (468)
[2017.10.26-09.13.50:775][699]LogModuleManager: Shutting down and abandoning module SessionServices (466)
[2017.10.26-09.13.50:775][699]LogModuleManager: Shutting down and abandoning module ViewportSnapping (464)
[2017.10.26-09.13.50:775][699]LogModuleManager: Shutting down and abandoning module ViewportInteraction (462)
[2017.10.26-09.13.50:775][699]LogModuleManager: Shutting down and abandoning module ClothPainter (460)
[2017.10.26-09.13.50:833][699]LogModuleManager: Shutting down and abandoning module LogVisualizer (458)
[2017.10.26-09.13.50:846][699]LogModuleManager: Shutting down and abandoning module IntroTutorials (456)
[2017.10.26-09.13.50:866][699]LogModuleManager: Shutting down and abandoning module GameProjectGeneration (455)
[2017.10.26-09.13.50:879][699]LogModuleManager: Shutting down and abandoning module IOSPlatformEditor (452)
[2017.10.26-09.13.50:879][699]LogModuleManager: Shutting down and abandoning module HTML5PlatformEditor (450)
[2017.10.26-09.13.50:879][699]LogModuleManager: Shutting down and abandoning module AndroidPlatformEditor (448)
[2017.10.26-09.13.50:879][699]LogModuleManager: Shutting down and abandoning module AndroidDeviceDetection (447)
[2017.10.26-09.13.51:616][699]LogModuleManager: Shutting down and abandoning module WindowsPlatformEditor (444)
[2017.10.26-09.13.51:616][699]LogModuleManager: Shutting down and abandoning module IOSRuntimeSettings (442)
[2017.10.26-09.13.51:616][699]LogModuleManager: Shutting down and abandoning module AndroidRuntimeSettings (440)
[2017.10.26-09.13.51:616][699]LogModuleManager: Shutting down and abandoning module InputBindingEditor (438)
[2017.10.26-09.13.51:620][699]LogModuleManager: Shutting down and abandoning module MergeActors (436)
[2017.10.26-09.13.51:629][699]LogModuleManager: Shutting down and abandoning module SizeMap (434)
[2017.10.26-09.13.51:629][699]LogModuleManager: Shutting down and abandoning module TreeMap (432)
[2017.10.26-09.13.51:638][699]LogModuleManager: Shutting down and abandoning module ReferenceViewer (430)
[2017.10.26-09.13.51:638][699]LogModuleManager: Shutting down and abandoning module LocalizationDashboard (428)
[2017.10.26-09.13.51:644][699]LogModuleManager: Shutting down and abandoning module LocalizationService (427)
[2017.10.26-09.13.51:655][699]LogModuleManager: Shutting down and abandoning module HardwareTargeting (424)
[2017.10.26-09.13.51:655][699]LogModuleManager: Shutting down and abandoning module DeviceProfileEditor (422)
[2017.10.26-09.13.51:659][699]LogModuleManager: Shutting down and abandoning module UndoHistory (420)
[2017.10.26-09.13.51:659][699]LogModuleManager: Shutting down and abandoning module XmlParser (418)
[2017.10.26-09.13.51:670][699]LogModuleManager: Shutting down and abandoning module Blutility (416)
[2017.10.26-09.13.51:670][699]LogModuleManager: Shutting down and abandoning module ProjectSettingsViewer (414)
[2017.10.26-09.13.51:670][699]LogModuleManager: Shutting down and abandoning module ProjectTargetPlatformEditor (413)
[2017.10.26-09.13.51:670][699]LogModuleManager: Shutting down and abandoning module EditorSettingsViewer (410)
[2017.10.26-09.13.51:670][699]LogModuleManager: Shutting down and abandoning module SettingsEditor (408)
[2017.10.26-09.13.51:670][699]LogModuleManager: Shutting down and abandoning module ProjectLauncher (406)
[2017.10.26-09.13.51:683][699]LogModuleManager: Shutting down and abandoning module SessionFrontend (404)
[2017.10.26-09.13.51:688][699]LogModuleManager: Shutting down and abandoning module ProfilerClient (402)
[2017.10.26-09.13.51:699][699]LogModuleManager: Shutting down and abandoning module DeviceManager (400)
[2017.10.26-09.13.51:714][699]LogModuleManager: Shutting down and abandoning module TargetDeviceServices (399)
[2017.10.26-09.13.51:767][699]LogModuleManager: Shutting down and abandoning module AutomationController (396)
[2017.10.26-09.13.51:775][699]LogModuleManager: Shutting down and abandoning module AutomationWindow (394)
[2017.10.26-09.13.51:783][699]LogModuleManager: Shutting down and abandoning module Layers (392)
[2017.10.26-09.13.51:801][699]LogModuleManager: Shutting down and abandoning module ComponentVisualizers (390)
[2017.10.26-09.13.51:801][699]LogModuleManager: Shutting down and abandoning module DetailCustomizations (388)
[2017.10.26-09.13.51:813][699]LogModuleManager: Shutting down and abandoning module PackagesDialog (386)
[2017.10.26-09.13.51:813][699]LogModuleManager: Shutting down and abandoning module Persona (384)
[2017.10.26-09.13.51:829][699]LogModuleManager: Shutting down and abandoning module AdvancedPreviewScene (383)
[2017.10.26-09.13.51:830][699]LogModuleManager: Shutting down and abandoning module AnimGraph (381)
[2017.10.26-09.13.51:839][699]LogModuleManager: Shutting down and abandoning module Kismet (378)
[2017.10.26-09.13.51:851][699]LogModuleManager: Shutting down and abandoning module ClassViewer (376)
[2017.10.26-09.13.51:851][699]LogModuleManager: Shutting down and abandoning module Toolbox (374)
[2017.10.26-09.13.51:851][699]LogModuleManager: Shutting down and abandoning module ModuleUI (372)
[2017.10.26-09.13.51:857][699]LogModuleManager: Shutting down and abandoning module MovieSceneTools (370)
[2017.10.26-09.13.51:884][699]LogModuleManager: Shutting down and abandoning module OutputLog (368)
[2017.10.26-09.13.51:889][699]LogModuleManager: Shutting down and abandoning module GammaUI (366)
[2017.10.26-09.13.51:903][699]LogModuleManager: Shutting down and abandoning module Documentation (364)
[2017.10.26-09.13.51:903][699]LogModuleManager: Shutting down and abandoning module MovieSceneTracks (362)
[2017.10.26-09.13.51:903][699]LogModuleManager: Shutting down and abandoning module MovieScene (360)
[2017.10.26-09.13.51:903][699]LogModuleManager: Shutting down and abandoning module Niagara (358)
[2017.10.26-09.13.51:903][699]LogModuleManager: Shutting down and abandoning module NiagaraEditor (357)
[2017.10.26-09.13.51:923][699]LogModuleManager: Shutting down and abandoning module StreamingPauseRendering (354)
[2017.10.26-09.13.51:923][699]LogModuleManager: Shutting down and abandoning module LauncherPlatform (352)
[2017.10.26-09.13.51:923][699]LogModuleManager: Shutting down and abandoning module AnalyticsET (350)
[2017.10.26-09.13.51:923][699]LogModuleManager: Shutting down and abandoning module PortalServices (348)
[2017.10.26-09.13.51:923][699]LogModuleManager: Shutting down and abandoning module PortalRpc (346)
[2017.10.26-09.13.51:923][699]LogModuleManager: Shutting down and abandoning module MessagingRpc (344)
[2017.10.26-09.13.51:923][699]LogModuleManager: Shutting down and abandoning module AIModule (342)
[2017.10.26-09.13.51:923][699]LogModuleManager: Shutting down and abandoning module GameplayDebugger (341)
[2017.10.26-09.13.51:923][699]LogModuleManager: Shutting down and abandoning module AITestSuite (339)
[2017.10.26-09.13.51:933][699]LogModuleManager: Shutting down and abandoning module ProfilerService (336)
[2017.10.26-09.13.52:047][699]LogModuleManager: Shutting down and abandoning module TaskGraph (334)
[2017.10.26-09.13.52:059][699]LogModuleManager: Shutting down and abandoning module SteamVRController (332)
[2017.10.26-09.13.52:059][699]LogModuleManager: Shutting down and abandoning module ProceduralMeshComponentEditor (330)
[2017.10.26-09.13.52:059][699]LogModuleManager: Shutting down and abandoning module ProceduralMeshComponent (328)
[2017.10.26-09.13.52:059][699]LogModuleManager: Shutting down and abandoning module OculusInput (326)
[2017.10.26-09.13.52:064][699]LogModuleManager: Shutting down and abandoning module MobilePatchingUtils (324)
[2017.10.26-09.13.52:065][699]LogModuleManager: Shutting down and abandoning module CustomMeshComponent (322)
[2017.10.26-09.13.52:065][699]LogModuleManager: Shutting down and abandoning module CableComponent (320)
[2017.10.26-09.13.52:078][699]LogModuleManager: Shutting down and abandoning module ArchVisCharacter (318)
[2017.10.26-09.13.52:078][699]LogModuleManager: Shutting down and abandoning module AndroidPermission (316)
[2017.10.26-09.13.52:078][699]LogModuleManager: Shutting down and abandoning module MediaPlayerEditor (312)
[2017.10.26-09.13.52:097][699]LogModuleManager: Shutting down and abandoning module HTML5Networking (310)
[2017.10.26-09.13.52:097][699]LogModuleManager: Shutting down and abandoning module AlembicImporter (308)
[2017.10.26-09.13.52:106][699]LogModuleManager: Shutting down and abandoning module AlembicLibrary (307)
[2017.10.26-09.13.52:106][699]LogModuleManager: Shutting down and abandoning module GeometryCache (306)
[2017.10.26-09.13.52:106][699]LogModuleManager: Shutting down and abandoning module GeometryCacheEd (305)
[2017.10.26-09.13.52:106][699]LogModuleManager: Shutting down and abandoning module SpeedTreeImporter (300)
[2017.10.26-09.13.52:106][699]LogModuleManager: Shutting down and abandoning module PluginBrowser (298)
[2017.10.26-09.13.52:121][699]LogModuleManager: Shutting down and abandoning module MobileLauncherProfileWizard (296)
[2017.10.26-09.13.52:131][699]LogModuleManager: Shutting down and abandoning module VisualStudioSourceCodeAccess (294)
[2017.10.26-09.13.52:131][699]LogModuleManager: Shutting down and abandoning module DesktopPlatform (293)
[2017.10.26-09.13.52:142][699]LogModuleManager: Shutting down and abandoning module UObjectPlugin (290)
[2017.10.26-09.13.52:142][699]LogModuleManager: Shutting down and abandoning module SubversionSourceControl (288)
[2017.10.26-09.13.52:149][699]LogModuleManager: Shutting down and abandoning module PerforceSourceControl (286)
[2017.10.26-09.13.52:158][699]LogModuleManager: Shutting down and abandoning module GitSourceControl (284)
[2017.10.26-09.13.52:172][699]LogModuleManager: Shutting down and abandoning module SourceControl (283)
[2017.10.26-09.13.52:179][699]LogModuleManager: Shutting down and abandoning module LightPropagationVolumeEditor (280)
[2017.10.26-09.13.52:179][699]LogModuleManager: Shutting down and abandoning module PaperTiledImporter (278)
[2017.10.26-09.13.52:179][699]LogModuleManager: Shutting down and abandoning module PaperSpriteSheetImporter (276)
[2017.10.26-09.13.52:179][699]LogModuleManager: Shutting down and abandoning module Paper2DEditor (274)
[2017.10.26-09.13.52:192][699]LogModuleManager: Shutting down and abandoning module MeshPaint (273)
[2017.10.26-09.13.52:202][699]LogModuleManager: Shutting down and abandoning module LevelEditor (271)
[2017.10.26-09.13.52:215][699]LogModuleManager: Shutting down and abandoning module PixelInspectorModule (270)
[2017.10.26-09.13.52:232][699]LogModuleManager: Shutting down and abandoning module MainFrame (268)
[2017.10.26-09.13.52:232][699]LogModuleManager: Shutting down and abandoning module HotReload (267)
[2017.10.26-09.13.52:238][699]LogDirectoryWatcher: A directory notification for 'C:/Users/s147382/Documents/GitHub/Games-and-Play/MyProject 4.17 - 2/Plugins/VictoryPlugin/PluginPackaged/Binaries/Win64' was aborted.
[2017.10.26-09.13.52:239][699]LogModuleManager: Shutting down and abandoning module VictoryBPLibrary (262)
[2017.10.26-09.13.52:239][699]LogModuleManager: Shutting down and abandoning module RuntimePhysXCooking (260)
[2017.10.26-09.13.52:239][699]LogModuleManager: Shutting down and abandoning module PhysXVehiclesEditor (258)
[2017.10.26-09.13.52:239][699]LogModuleManager: Shutting down and abandoning module PhysXVehicles (256)
[2017.10.26-09.13.52:239][699]LogModuleManager: Shutting down and abandoning module OculusEditor (254)
[2017.10.26-09.13.52:239][699]LogModuleManager: Shutting down and abandoning module LocationServicesBPLibrary (252)
[2017.10.26-09.13.52:239][699]LogModuleManager: Shutting down and abandoning module ImmediatePhysicsEditor (250)
[2017.10.26-09.13.52:239][699]LogModuleManager: Shutting down and abandoning module ImmediatePhysics (248)
[2017.10.26-09.13.52:274][699]LogModuleManager: Shutting down and abandoning module UdpMessaging (246)
[2017.10.26-09.13.52:375][699]LogModuleManager: Shutting down and abandoning module TcpMessaging (244)
[2017.10.26-09.13.52:527][699]LogModuleManager: Shutting down and abandoning module GameplayTagsEditor (242)
[2017.10.26-09.13.52:535][699]LogModuleManager: Shutting down and abandoning module FacialAnimationEditor (240)
[2017.10.26-09.13.52:535][699]LogModuleManager: Shutting down and abandoning module FacialAnimation (238)
[2017.10.26-09.13.52:535][699]LogModuleManager: Shutting down and abandoning module AssetManagerEditor (236)
[2017.10.26-09.13.52:544][699]LogModuleManager: Shutting down and abandoning module GraphEditor (235)
[2017.10.26-09.13.52:544][699]LogModuleManager: Shutting down and abandoning module ContentBrowser (233)
[2017.10.26-09.13.52:546][699]LogModuleManager: Shutting down and abandoning module LightPropagationVolumeRuntime (230)
[2017.10.26-09.13.52:546][699]LogModuleManager: Shutting down and abandoning module Paper2D (228)
[2017.10.26-09.13.52:550][699]LogModuleManager: Shutting down and abandoning module WindowsMoviePlayer (226)
[2017.10.26-09.13.52:562][699]LogModuleManager: Shutting down and abandoning module WmfMedia (224)
[2017.10.26-09.13.52:594][699]LogModuleManager: Shutting down and abandoning module PacketHandler (222)
[2017.10.26-09.13.52:594][699]LogModuleManager: Shutting down and abandoning module ClothingSystemEditor (220)
[2017.10.26-09.13.52:607][699]LogModuleManager: Shutting down and abandoning module ClothingSystemRuntime (218)
[2017.10.26-09.13.52:619][699]LogModuleManager: Shutting down and abandoning module Overlay (216)
[2017.10.26-09.13.52:619][699]LogModuleManager: Shutting down and abandoning module OverlayEditor (215)
[2017.10.26-09.13.52:619][699]LogModuleManager: Shutting down and abandoning module MediaAssets (212)
[2017.10.26-09.13.52:619][699]LogModuleManager: Shutting down and abandoning module VREditor (210)
[2017.10.26-09.13.52:630][699]LogModuleManager: Shutting down and abandoning module StringTableEditor (208)
[2017.10.26-09.13.52:641][699]LogModuleManager: Shutting down and abandoning module GameplayTasksEditor (206)
[2017.10.26-09.13.52:641][699]LogModuleManager: Shutting down and abandoning module BehaviorTreeEditor (204)
[2017.10.26-09.13.52:658][699]LogModuleManager: Shutting down and abandoning module FunctionalTesting (202)
[2017.10.26-09.13.52:658][699]LogModuleManager: Shutting down and abandoning module CollisionAnalyzer (200)
[2017.10.26-09.13.52:663][699]LogModuleManager: Shutting down and abandoning module WorkspaceMenuStructure (199)
[2017.10.26-09.13.52:663][699]LogModuleManager: Shutting down and abandoning module UMG (196)
[2017.10.26-09.13.52:668][699]LogModuleManager: Shutting down and abandoning module UMGEditor (195)
[2017.10.26-09.13.52:668][699]LogModuleManager: Shutting down and abandoning module Sequencer (194)
[2017.10.26-09.13.52:677][699]LogModuleManager: Shutting down and abandoning module MessageLog (191)
[2017.10.26-09.13.52:677][699]LogModuleManager: Shutting down and abandoning module SlateReflector (186)
[2017.10.26-09.13.52:702][699]LogModuleManager: Shutting down and abandoning module Slate (184)
[2017.10.26-09.13.52:702][699]LogModuleManager: Shutting down and abandoning module EditorStyle (182)
[2017.10.26-09.13.52:706][699]LogModuleManager: Shutting down and abandoning module MRMesh (180)
[2017.10.26-09.13.52:706][699]LogModuleManager: Shutting down and abandoning module SourceCodeAccess (178)
[2017.10.26-09.13.52:706][699]LogModuleManager: Shutting down and abandoning module HeadMountedDisplay (176)
[2017.10.26-09.13.52:706][699]LogModuleManager: Shutting down and abandoning module XAudio2 (174)
[2017.10.26-09.13.52:706][699]LogModuleManager: Shutting down and abandoning module Networking (172)
[2017.10.26-09.13.52:706][699]LogModuleManager: Shutting down and abandoning module Core (168)
[2017.10.26-09.13.52:706][699]LogModuleManager: Shutting down and abandoning module KismetCompiler (164)
[2017.10.26-09.13.52:706][699]LogModuleManager: Shutting down and abandoning module LevelSequence (162)
[2017.10.26-09.13.52:706][699]LogModuleManager: Shutting down and abandoning module MeshUtilities (160)
[2017.10.26-09.13.52:714][699]LogModuleManager: Shutting down and abandoning module MeshMergeUtilities (159)
[2017.10.26-09.13.52:721][699]LogModuleManager: Shutting down and abandoning module MeshReductionInterface (158)
[2017.10.26-09.13.52:721][699]LogModuleManager: Shutting down and abandoning module SimplygonSwarm (157)
[2017.10.26-09.13.52:731][699]LogModuleManager: Shutting down and abandoning module SimplygonMeshReduction (155)
[2017.10.26-09.13.52:731][699]LogModuleManager: Shutting down and abandoning module QuadricMeshReduction (153)
[2017.10.26-09.13.52:742][699]LogModuleManager: Shutting down and abandoning module MaterialBaking (149)
[2017.10.26-09.13.52:751][699]LogModuleManager: Shutting down and abandoning module DirectoryWatcher (146)
[2017.10.26-09.13.52:752][699]LogModuleManager: Shutting down and abandoning module DerivedDataCache (144)
[2017.10.26-09.13.52:786][699]LogDerivedDataCache: Shutdown
[2017.10.26-09.13.52:786][699]LogModuleManager: Shutting down and abandoning module TargetPlatform (142)
[2017.10.26-09.13.52:786][699]LogModuleManager: Shutting down and abandoning module VulkanShaderFormat (141)
[2017.10.26-09.13.52:800][699]LogModuleManager: Shutting down and abandoning module ShaderFormatVectorVM (139)
[2017.10.26-09.13.52:808][699]LogModuleManager: Shutting down and abandoning module ShaderFormatOpenGL (137)
[2017.10.26-09.13.52:818][699]LogModuleManager: Shutting down and abandoning module ShaderFormatD3D (135)
[2017.10.26-09.13.52:826][699]LogModuleManager: Shutting down and abandoning module MetalShaderFormat (133)
[2017.10.26-09.13.52:832][699]LogModuleManager: Shutting down and abandoning module TextureFormatUncompressed (131)
[2017.10.26-09.13.52:832][699]LogModuleManager: Shutting down and abandoning module TextureFormatPVR (129)
[2017.10.26-09.13.52:832][699]LogModuleManager: Shutting down and abandoning module TextureFormatDXT (127)
[2017.10.26-09.13.52:844][699]LogModuleManager: Shutting down and abandoning module TextureFormatIntelISPCTexComp (125)
[2017.10.26-09.13.52:864][699]LogModuleManager: Shutting down and abandoning module TextureFormatASTC (123)
[2017.10.26-09.13.52:864][699]LogModuleManager: Shutting down and abandoning module ImageWrapper (122)
[2017.10.26-09.13.52:864][699]LogModuleManager: Shutting down and abandoning module TextureFormatAndroid (119)
[2017.10.26-09.13.52:864][699]LogModuleManager: Shutting down and abandoning module AudioFormatOpus (117)
[2017.10.26-09.13.52:864][699]LogModuleManager: Shutting down and abandoning module AudioFormatOgg (115)
[2017.10.26-09.13.52:864][699]LogModuleManager: Shutting down and abandoning module AudioFormatADPCM (113)
[2017.10.26-09.13.52:864][699]LogModuleManager: Shutting down and abandoning module LinuxTargetPlatform (111)
[2017.10.26-09.13.52:864][699]LogModuleManager: Shutting down and abandoning module LinuxServerTargetPlatform (109)
[2017.10.26-09.13.52:864][699]LogModuleManager: Shutting down and abandoning module LinuxNoEditorTargetPlatform (107)
[2017.10.26-09.13.52:864][699]LogModuleManager: Shutting down and abandoning module LinuxClientTargetPlatform (105)
[2017.10.26-09.13.52:864][699]LogModuleManager: Shutting down and abandoning module TVOSTargetPlatform (103)
[2017.10.26-09.13.52:864][699]LogModuleManager: Shutting down and abandoning module Messaging (101)
[2017.10.26-09.13.52:864][699]LogModuleManager: Shutting down and abandoning module IOSTargetPlatform (99)
[2017.10.26-09.13.52:864][699]LogModuleManager: Shutting down and abandoning module HTML5TargetPlatform (97)
[2017.10.26-09.13.52:864][699]LogModuleManager: Shutting down and abandoning module Android_PVRTCTargetPlatform (95)
[2017.10.26-09.13.52:864][699]LogModuleManager: Shutting down and abandoning module Android_MultiTargetPlatform (93)
[2017.10.26-09.13.52:864][699]LogModuleManager: Shutting down and abandoning module Android_ETC2TargetPlatform (91)
[2017.10.26-09.13.52:864][699]LogModuleManager: Shutting down and abandoning module Android_ETC1TargetPlatform (89)
[2017.10.26-09.13.52:864][699]LogModuleManager: Shutting down and abandoning module Android_DXTTargetPlatform (87)
[2017.10.26-09.13.52:864][699]LogModuleManager: Shutting down and abandoning module Android_ATCTargetPlatform (85)
[2017.10.26-09.13.52:864][699]LogModuleManager: Shutting down and abandoning module Android_ASTCTargetPlatform (83)
[2017.10.26-09.13.52:864][699]LogModuleManager: Shutting down and abandoning module AndroidTargetPlatform (81)
[2017.10.26-09.13.52:864][699]LogModuleManager: Shutting down and abandoning module WindowsTargetPlatform (79)
[2017.10.26-09.13.52:864][699]LogModuleManager: Shutting down and abandoning module WindowsServerTargetPlatform (77)
[2017.10.26-09.13.52:865][699]LogModuleManager: Shutting down and abandoning module WindowsNoEditorTargetPlatform (75)
[2017.10.26-09.13.52:865][699]LogModuleManager: Shutting down and abandoning module WindowsClientTargetPlatform (73)
[2017.10.26-09.13.52:865][699]LogModuleManager: Shutting down and abandoning module MacTargetPlatform (71)
[2017.10.26-09.13.52:865][699]LogModuleManager: Shutting down and abandoning module MacServerTargetPlatform (69)
[2017.10.26-09.13.52:865][699]LogModuleManager: Shutting down and abandoning module MacNoEditorTargetPlatform (67)
[2017.10.26-09.13.52:865][699]LogModuleManager: Shutting down and abandoning module MacClientTargetPlatform (65)
[2017.10.26-09.13.52:865][699]LogModuleManager: Shutting down and abandoning module AllDesktopTargetPlatform (63)
[2017.10.26-09.13.52:865][699]LogModuleManager: Shutting down and abandoning module InputCore (60)
[2017.10.26-09.13.52:865][699]LogModuleManager: Shutting down and abandoning module Settings (58)
[2017.10.26-09.13.52:865][699]LogModuleManager: Shutting down and abandoning module PhysXCooking (56)
[2017.10.26-09.13.52:865][699]LogModuleManager: Shutting down and abandoning module SteamVR (54)
[2017.10.26-09.13.52:865][699]LogModuleManager: Shutting down and abandoning module OculusHMD (52)
[2017.10.26-09.13.52:868][699]LogModuleManager: Shutting down and abandoning module ExampleDeviceProfileSelector (50)
[2017.10.26-09.13.52:868][699]LogModuleManager: Shutting down and abandoning module OnlineBlueprintSupport (48)
[2017.10.26-09.13.52:868][699]LogModuleManager: Shutting down and abandoning module OnlineSubsystem (44)
[2017.10.26-09.13.52:868][699]LogOnline: Display: Unloading online subsystem: NULL
[2017.10.26-09.13.52:921][699]LogModuleManager: Shutting down and abandoning module XMPP (43)
[2017.10.26-09.13.52:934][699]LogModuleManager: Shutting down and abandoning module HTTP (41)
[2017.10.26-09.13.52:935][699]LogHttp: Display: Http module shutting down, but needs to wait on 1 outstanding Http requests:
[2017.10.26-09.13.52:946][699]LogHttp: Display: 	verb=[POST] url=[https://datarouter.ol.epicgames.com/datarouter/api/v1/public/data?SessionID=%7BB4E0FF61-43BD-9B94-EDF3-F6A339F13EE6%7D&AppID=UEEditor.Rocket.Release&AppVersion=4.17.1-3586342%2B%2B%2BUE4%2BRelease-4.17&UserID=662fdd904eec4e2f7d1cafaccda34b21%7Cd396801e7f0c4e2eba21cd0b7973a446%7C6db52125-5a10-46a3-b6af-e5fa0dc5de2e&AppEnvironment=datacollector-binary&UploadType=eteventstream] status=Processing
[2017.10.26-09.13.52:963][699]LogModuleManager: Shutting down and abandoning module SSL (40)
[2017.10.26-09.13.52:969][699]LogModuleManager: Shutting down and abandoning module AnimationModifiers (36)
[2017.10.26-09.13.52:982][699]LogModuleManager: Shutting down and abandoning module PropertyEditor (35)
[2017.10.26-09.13.52:982][699]LogModuleManager: Shutting down and abandoning module AudioEditor (32)
[2017.10.26-09.13.53:010][699]LogModuleManager: Shutting down and abandoning module TextureCompressor (30)
[2017.10.26-09.13.53:019][699]LogModuleManager: Shutting down and abandoning module ShaderCore (28)
[2017.10.26-09.13.53:019][699]LogModuleManager: Shutting down and abandoning module Landscape (26)
[2017.10.26-09.13.53:019][699]LogModuleManager: Shutting down and abandoning module SlateRHIRenderer (24)
[2017.10.26-09.13.53:042][699]LogModuleManager: Shutting down and abandoning module OpenGLDrv (22)
[2017.10.26-09.13.53:052][699]LogModuleManager: Shutting down and abandoning module D3D11RHI (20)
[2017.10.26-09.13.53:052][699]LogModuleManager: Shutting down and abandoning module AnimGraphRuntime (18)
[2017.10.26-09.13.53:056][699]LogModuleManager: Shutting down and abandoning module Renderer (16)
[2017.10.26-09.13.53:056][699]LogModuleManager: Shutting down and abandoning module Engine (14)
[2017.10.26-09.13.53:056][699]LogModuleManager: Shutting down and abandoning module CoreUObject (12)
[2017.10.26-09.13.53:056][699]LogModuleManager: Shutting down and abandoning module NetworkFile (10)
[2017.10.26-09.13.53:066][699]LogModuleManager: Shutting down and abandoning module CookedIterativeFile (8)
[2017.10.26-09.13.53:066][699]LogModuleManager: Shutting down and abandoning module StreamingFile (6)
[2017.10.26-09.13.53:074][699]LogModuleManager: Shutting down and abandoning module SandboxFile (4)
[2017.10.26-09.13.53:088][699]LogModuleManager: Shutting down and abandoning module PakFile (2)
[2017.10.26-09.13.53:111][699]LogExit: Exiting.
[2017.10.26-09.13.53:123][699]Log file closed, 10/26/17 11:13:53
