Log file open, 10/26/17 10:30:04
LogWindows: LoadLibraryWithSearchPaths failed for file aqProf.dll. GetLastError=0
LogWindows: LoadLibraryWithSearchPaths failed for file VSPerf140.dll. GetLastError=0
LogWindows: LoadLibraryWithSearchPaths failed for file VtuneApi.dll. GetLastError=0
LogWindows: LoadLibraryWithSearchPaths failed for file VtuneApi32e.dll. GetLastError=0
LogInit: Display: Running engine for game: MyProject
LogPlatformFile: Not using cached read wrapper
LogInit: Display: RandInit(1796189806) SRandInit(1796189807).
LogTaskGraph: Started task graph with 5 named threads and 14 total threads with 3 sets of task threads.
LogStats: Stats thread started at 0.188455
LogD3D11RHI: Aftermath initialized
LogPluginManager: Mounting plugin Paper2D
LogPluginManager: Mounting plugin LightPropagationVolume
LogPluginManager: Mounting plugin CodeLiteSourceCodeAccess
LogPluginManager: Mounting plugin GitSourceControl
LogPluginManager: Mounting plugin KDevelopSourceCodeAccess
LogPluginManager: Mounting plugin NullSourceCodeAccess
LogPluginManager: Mounting plugin PerforceSourceControl
LogPluginManager: Mounting plugin SubversionSourceControl
LogPluginManager: Mounting plugin UObjectPlugin
LogPluginManager: Mounting plugin VisualStudioSourceCodeAccess
LogPluginManager: Mounting plugin XCodeSourceCodeAccess
LogPluginManager: Mounting plugin AssetManagerEditor
LogPluginManager: Mounting plugin AudioCapture
LogPluginManager: Mounting plugin FacialAnimation
LogPluginManager: Mounting plugin GameplayTagsEditor
LogPluginManager: Mounting plugin MobileLauncherProfileWizard
LogPluginManager: Mounting plugin PluginBrowser
LogPluginManager: Mounting plugin SpeedTreeImporter
LogPluginManager: Mounting plugin AlembicImporter
LogPluginManager: Mounting plugin CharacterAI
LogPluginManager: Mounting plugin HTML5Networking
LogPluginManager: Mounting plugin AndroidMedia
LogPluginManager: Mounting plugin AvfMedia
LogPluginManager: Mounting plugin MediaPlayerEditor
LogPluginManager: Mounting plugin WmfMedia
LogPluginManager: Mounting plugin TcpMessaging
LogPluginManager: Mounting plugin UdpMessaging
LogPluginManager: Mounting plugin LevelSequenceEditor
LogPluginManager: Mounting plugin MatineeToLevelSequence
LogPluginManager: Mounting plugin OnlineSubsystemGooglePlay
LogPluginManager: Mounting plugin OnlineSubsystemIOS
LogPluginManager: Mounting plugin OnlineSubsystem
LogPluginManager: Mounting plugin OnlineSubsystemNull
LogPluginManager: Mounting plugin OnlineSubsystemUtils
LogPluginManager: Mounting plugin AndroidDeviceProfileSelector
LogPluginManager: Mounting plugin AndroidMoviePlayer
LogPluginManager: Mounting plugin AndroidPermission
LogPluginManager: Mounting plugin AppleMoviePlayer
LogPluginManager: Mounting plugin ArchVisCharacter
LogPluginManager: Mounting plugin CableComponent
LogPluginManager: Mounting plugin CustomMeshComponent
LogPluginManager: Mounting plugin ExampleDeviceProfileSelector
LogPluginManager: Mounting plugin GoogleCloudMessaging
LogPluginManager: Mounting plugin ImmediatePhysics
LogPluginManager: Mounting plugin IOSDeviceProfileSelector
LogPluginManager: Mounting plugin LinuxDeviceProfileSelector
LogPluginManager: Mounting plugin LocationServicesBPLibrary
LogPluginManager: Mounting plugin MobilePatchingUtils
LogPluginManager: Mounting plugin OculusVR
LogPluginManager: Mounting plugin PhysXVehicles
LogPluginManager: Mounting plugin ProceduralMeshComponent
LogPluginManager: Mounting plugin RuntimePhysXCooking
LogPluginManager: Mounting plugin SteamVR
LogPluginManager: Mounting plugin WindowsMoviePlayer
LogPluginManager: Mounting plugin VictoryBPLibrary
LogInit: Using libcurl 7.47.1
LogInit:  - built for x86_64-pc-win32
LogInit:  - supports SSL with OpenSSL/1.0.2g
LogInit:  - supports HTTP deflate (compression) using libz 1.2.8
LogInit:  - other features:
LogInit:      CURL_VERSION_SSL
LogInit:      CURL_VERSION_LIBZ
LogInit:      CURL_VERSION_IPV6
LogInit:      CURL_VERSION_ASYNCHDNS
LogInit:      CURL_VERSION_LARGEFILE
LogInit:      CURL_VERSION_IDN
LogInit:  CurlRequestOptions (configurable via config and command line):
LogInit:  - bVerifyPeer = false  - Libcurl will NOT verify peer certificate
LogInit:  - bUseHttpProxy = false  - Libcurl will NOT use HTTP proxy
LogInit:  - bDontReuseConnections = false  - Libcurl will reuse connections
LogInit:  - CertBundlePath = nullptr  - Libcurl will use whatever was configured at build time.
LogInit: Build: ++UE4+Release-4.17-CL-3586342
LogInit: Engine Version: 4.17.1-3586342+++UE4+Release-4.17
LogInit: Compatible Engine Version: 4.17.0-3573198+++UE4+Release-4.17
LogInit: Net CL: 3573198
LogDevObjectVersion: Number of dev versions registered: 16
LogDevObjectVersion:   Dev-Blueprints (B0D832E4-1F89-4F0D-ACCF-7EB736FD4AA2): 10
LogDevObjectVersion:   Dev-Build (E1C64328-A22C-4D53-A36C-8E866417BD8C): 0
LogDevObjectVersion:   Dev-Core (375EC13C-06E4-48FB-B500-84F0262A717E): 2
LogDevObjectVersion:   Dev-Editor (E4B068ED-F494-42E9-A231-DA0B2E46BB41): 20
LogDevObjectVersion:   Dev-Framework (CFFC743F-43B0-4480-9391-14DF171D2073): 28
LogDevObjectVersion:   Dev-Mobile (B02B49B5-BB20-44E9-A304-32B752E40360): 0
LogDevObjectVersion:   Dev-Networking (A4E4105C-59A1-49B5-A7C5-40C4547EDFEE): 0
LogDevObjectVersion:   Dev-Online (39C831C9-5AE6-47DC-9A44-9C173E1C8E7C): 0
LogDevObjectVersion:   Dev-Physics (78F01B33-EBEA-4F98-B9B4-84EACCB95AA2): 0
LogDevObjectVersion:   Dev-Platform (6631380F-2D4D-43E0-8009-CF276956A95A): 0
LogDevObjectVersion:   Dev-Rendering (12F88B9F-8875-4AFC-A67C-D90C383ABD29): 19
LogDevObjectVersion:   Dev-Sequencer (7B5AE74C-D270-4C10-A958-57980B212A5A): 4
LogDevObjectVersion:   Dev-VR (D7296918-1DD6-4BDD-9DE2-64A83CC13884): 0
LogDevObjectVersion:   Dev-LoadTimes (C2A15278-BFE7-4AFE-6C17-90FF531DF755): 1
LogDevObjectVersion:   Private-Geometry (6EACA3D4-40EC-4CC1-B786-8BED09428FC5): 1
LogDevObjectVersion:   Dev-AnimPhys (29E575DD-E0A3-4627-9D10-D276232CDCEA): 7
LogInit: Compiled (64-bit): Aug 15 2017 02:05:26
LogInit: Compiled with Visual C++: 19.00.24215.01
LogInit: Build Configuration: Development
LogInit: Branch Name: ++UE4+Release-4.17
LogInit: Command line: -EpicPortal 
LogInit: Base directory: C:/Program Files/Epic Games/UE_4.17/Engine/Binaries/Win64/
LogInit: Installed Engine Build: 1
LogInit: Presizing for max 8388607 objects, including 0 objects not considered by GC, pre-allocating 0 bytes for permanent pool.
LogInit: Object subsystem initialized
[2017.10.26-08.30.05:771][  0]LogInit: Selected Device Profile: [Windows]
[2017.10.26-08.30.05:771][  0]LogInit: Applying CVar settings loaded from the selected device profile: [Windows]
[2017.10.26-08.30.05:801][  0]LogInit: Computer: S147382
[2017.10.26-08.30.05:801][  0]LogInit: User: s147382
[2017.10.26-08.30.05:801][  0]LogInit: CPU Page size=4096, Cores=4
[2017.10.26-08.30.05:801][  0]LogInit: High frequency timer resolution =2.338341 MHz
[2017.10.26-08.30.05:801][  0]LogMemory: Memory total: Physical=7.8GB (8GB approx)
[2017.10.26-08.30.05:801][  0]LogMemory: Platform Memory Stats for Windows
[2017.10.26-08.30.05:801][  0]LogMemory: Process Physical Memory: 278.23 MB used, 278.23 MB peak
[2017.10.26-08.30.05:801][  0]LogMemory: Process Virtual Memory: 283.27 MB used, 283.27 MB peak
[2017.10.26-08.30.05:801][  0]LogMemory: Physical Memory: 4323.39 MB used,  3669.67 MB free, 7993.06 MB total
[2017.10.26-08.30.05:801][  0]LogMemory: Virtual Memory: 659.93 MB used,  3669.67 MB free, 134217728.00 MB total
[2017.10.26-08.30.06:017][  0]LogInit: Using OS detected language (en-US).
[2017.10.26-08.30.06:017][  0]LogInit: Using OS detected locale (en-US).
[2017.10.26-08.30.06:020][  0]LogTextLocalizationManager: No specific localization for 'en-US' exists, so the 'en' localization will be used.
[2017.10.26-08.30.06:966][  0]LogD3D11RHI: D3D11 adapters:
[2017.10.26-08.30.06:998][  0]LogD3D11RHI:    0. 'NVIDIA Quadro K610M' (Feature Level 11_0)
[2017.10.26-08.30.06:998][  0]LogD3D11RHI:       958/0/3996 MB DedicatedVideo/DedicatedSystem/SharedSystem, Outputs:1, VendorId:0x10de
[2017.10.26-08.30.07:020][  0]LogD3D11RHI:    1. 'NVIDIA Quadro K610M' (Feature Level 11_0)
[2017.10.26-08.30.07:020][  0]LogD3D11RHI:       958/0/3996 MB DedicatedVideo/DedicatedSystem/SharedSystem, Outputs:0, VendorId:0x10de
[2017.10.26-08.30.07:021][  0]LogD3D11RHI:    2. 'Microsoft Basic Render Driver' (Feature Level 11_0)
[2017.10.26-08.30.07:021][  0]LogD3D11RHI:       958/0/3996 MB DedicatedVideo/DedicatedSystem/SharedSystem, Outputs:0, VendorId:0x1414
[2017.10.26-08.30.07:021][  0]LogD3D11RHI: Chosen D3D11 Adapter: 0
[2017.10.26-08.30.07:029][  0]LogD3D11RHI: Creating new Direct3DDevice
[2017.10.26-08.30.07:029][  0]LogD3D11RHI:     GPU DeviceId: 0x12b9 (for the marketing name, search the web for "GPU Device Id")
[2017.10.26-08.30.07:029][  0]LogWindows: EnumDisplayDevices:
[2017.10.26-08.30.07:029][  0]LogWindows:    0. 'Intel(R) HD Graphics 4600' (P:1 D:1)
[2017.10.26-08.30.07:030][  0]LogWindows:    1. 'Intel(R) HD Graphics 4600' (P:0 D:0)
[2017.10.26-08.30.07:030][  0]LogWindows:    2. 'Intel(R) HD Graphics 4600' (P:0 D:0)
[2017.10.26-08.30.07:030][  0]LogWindows:    3. 'NVIDIA Quadro K610M' (P:0 D:0)
[2017.10.26-08.30.07:030][  0]LogWindows:    4. 'NVIDIA Quadro K610M' (P:0 D:0)
[2017.10.26-08.30.07:030][  0]LogWindows:    5. 'NVIDIA Quadro K610M' (P:0 D:0)
[2017.10.26-08.30.07:031][  0]LogWindows:    6. 'NVIDIA Quadro K610M' (P:0 D:0)
[2017.10.26-08.30.07:031][  0]LogWindows: DebugString: PrimaryIsNotTheChoosenAdapter PrimaryIsNotTheChoosenAdapter PrimaryIsNotTheChoosenAdapter FoundDriverCount:4 
[2017.10.26-08.30.07:031][  0]LogD3D11RHI:     Adapter Name: NVIDIA Quadro K610M
[2017.10.26-08.30.07:031][  0]LogD3D11RHI:   Driver Version: 377.11 (internal:21.21.13.7711, unified:377.11)
[2017.10.26-08.30.07:031][  0]LogD3D11RHI:      Driver Date: 3-17-2017
[2017.10.26-08.30.07:031][  0]LogRHI: Texture pool is 670 MB (70% of 958 MB)
[2017.10.26-08.30.07:051][  0]LogD3D11RHI: Async texture creation enabled
[2017.10.26-08.30.07:072][  0]LogD3D11RHI: GPU Timing Frequency: 1000.000000 (Debug: 2 2)
[2017.10.26-08.30.07:096][  0]LogShaderCompilers: Guid format shader working directory is -34 characters bigger than the processId version (../../../../../../Users/s147382/Documents/GitHub/Games-and-Play/MyProject 4.17 - 2/Intermediate/Shaders/WorkingDirectory/7300/).
[2017.10.26-08.30.07:096][  0]LogShaderCompilers: Cleaned the shader compiler working directory 'C:/Users/s147382/AppData/Local/Temp/UnrealShaderWorkingDir/A6749165414D8E80612E359F569A8873/'.
[2017.10.26-08.30.07:096][  0]LogShaderCompilers: Display: Using Local Shader Compiler.
[2017.10.26-08.30.08:366][  0]LogTemp: Display: Loaded TP AllDesktopTargetPlatform
[2017.10.26-08.30.08:435][  0]LogTemp: Display: Loaded TP MacClientTargetPlatform
[2017.10.26-08.30.08:502][  0]LogTemp: Display: Loaded TP MacNoEditorTargetPlatform
[2017.10.26-08.30.08:571][  0]LogTemp: Display: Loaded TP MacServerTargetPlatform
[2017.10.26-08.30.08:641][  0]LogTemp: Display: Loaded TP MacTargetPlatform
[2017.10.26-08.30.08:710][  0]LogTemp: Display: Loaded TP WindowsClientTargetPlatform
[2017.10.26-08.30.08:780][  0]LogTemp: Display: Loaded TP WindowsNoEditorTargetPlatform
[2017.10.26-08.30.08:848][  0]LogTemp: Display: Loaded TP WindowsServerTargetPlatform
[2017.10.26-08.30.08:908][  0]LogTemp: Display: Loaded TP WindowsTargetPlatform
[2017.10.26-08.30.08:976][  0]LogTemp: Display: Loaded TP AndroidTargetPlatform
[2017.10.26-08.30.09:044][  0]LogTemp: Display: Loaded TP Android_ASTCTargetPlatform
[2017.10.26-08.30.09:111][  0]LogTemp: Display: Loaded TP Android_ATCTargetPlatform
[2017.10.26-08.30.09:178][  0]LogTemp: Display: Loaded TP Android_DXTTargetPlatform
[2017.10.26-08.30.09:245][  0]LogTemp: Display: Loaded TP Android_ETC1TargetPlatform
[2017.10.26-08.30.09:314][  0]LogTemp: Display: Loaded TP Android_ETC2TargetPlatform
[2017.10.26-08.30.09:449][  0]LogTemp: Display: Loaded TP Android_MultiTargetPlatform
[2017.10.26-08.30.09:449][  0]LogTemp: Display: Loaded TP Android_PVRTCTargetPlatform
[2017.10.26-08.30.09:501][  0]LogTemp: Display: Loaded TP HTML5TargetPlatform
[2017.10.26-08.30.09:619][  0]LogTemp: Display: Loaded TP IOSTargetPlatform
[2017.10.26-08.30.09:659][  0]LogTemp: Display: Loaded TP TVOSTargetPlatform
[2017.10.26-08.30.09:726][  0]LogTemp: Display: Loaded TP LinuxClientTargetPlatform
[2017.10.26-08.30.09:793][  0]LogTemp: Display: Loaded TP LinuxNoEditorTargetPlatform
[2017.10.26-08.30.09:860][  0]LogTemp: Display: Loaded TP LinuxServerTargetPlatform
[2017.10.26-08.30.09:926][  0]LogTemp: Display: Loaded TP LinuxTargetPlatform
[2017.10.26-08.30.09:926][  0]LogTargetPlatformManager: Display: Building Assets For Windows
[2017.10.26-08.30.10:565][  0]LogDerivedDataCache: Display: Max Cache Size: 512 MB
[2017.10.26-08.30.10:692][  0]LogDerivedDataCache: Loaded boot cache 0.13s 93MB C:/Users/s147382/AppData/Local/UnrealEngine/4.17/DerivedDataCache/Boot.ddc.
[2017.10.26-08.30.10:692][  0]LogDerivedDataCache: Display: Loaded Boot cache: C:/Users/s147382/AppData/Local/UnrealEngine/4.17/DerivedDataCache/Boot.ddc
[2017.10.26-08.30.10:692][  0]LogDerivedDataCache: FDerivedDataBackendGraph:  Pak pak cache file ../../../../../../Users/s147382/Documents/GitHub/Games-and-Play/MyProject 4.17 - 2/DerivedDataCache/DDC.ddp not found, will not use a pak cache.
[2017.10.26-08.30.10:692][  0]LogDerivedDataCache: Unable to find inner node Pak for hierarchical cache Hierarchy.
[2017.10.26-08.30.10:692][  0]LogDerivedDataCache: FDerivedDataBackendGraph:  CompressedPak pak cache file ../../../../../../Users/s147382/Documents/GitHub/Games-and-Play/MyProject 4.17 - 2/DerivedDataCache/Compressed.ddp not found, will not use a pak cache.
[2017.10.26-08.30.10:692][  0]LogDerivedDataCache: Unable to find inner node CompressedPak for hierarchical cache Hierarchy.
[2017.10.26-08.30.10:718][  0]LogDerivedDataCache: Display: Pak cache opened for reading ../../../Engine/DerivedDataCache/Compressed.ddp.
[2017.10.26-08.30.10:731][  0]LogDerivedDataCache: Using Local data cache path C:/Users/s147382/AppData/Local/UnrealEngine/Common/DerivedDataCache: Writable
[2017.10.26-08.30.10:745][  0]LogMaterial: Verifying Global Shaders for PCD3D_SM5
[2017.10.26-08.30.10:746][  0]LogSlate: Using Freetype 2.6.0
[2017.10.26-08.30.10:746][  0]LogSlate: SlateFontCache - WITH_FREETYPE: 1, WITH_HARFBUZZ: 1
[2017.10.26-08.30.10:746][  0]LogSlate: SlateFontCache - WITH_FREETYPE: 1, WITH_HARFBUZZ: 1
[2017.10.26-08.30.11:089][  0]LogAssetRegistry: FAssetRegistry took 0.0279 seconds to start up
[2017.10.26-08.30.11:269][  0]LogInit: Selected Device Profile: [Windows]
[2017.10.26-08.30.11:753][  0]LogSimplygon: Simplygon DLL not present - disabling.
[2017.10.26-08.30.11:808][  0]LogMeshReduction: Using SimplygonSwarm for distributed automatic mesh merging
[2017.10.26-08.30.11:808][  0]LogMeshReduction: Using QuadricMeshReduction for automatic static mesh reduction
[2017.10.26-08.30.11:808][  0]LogMeshReduction: No automatic skeletal mesh reduction module available
[2017.10.26-08.30.11:808][  0]LogMeshReduction: No automatic mesh merging module available
[2017.10.26-08.30.11:808][  0]LogMeshMerging: No automatic mesh merging module available
[2017.10.26-08.30.11:810][  0]LogContentStreaming: Texture pool size is 0.00 MB
[2017.10.26-08.30.12:400][  0]LogNetVersion: MyProject , NetCL: 3573198, EngineNetVer: 2, GameNetVer: 0 (Checksum: 3113362612)
[2017.10.26-08.30.12:691][  0]LogPackageLocalizationCache: Processed 6 localized package path(s) for 2 prioritized culture(s) in 0.065026 seconds
[2017.10.26-08.30.12:698][  0]LogUObjectArray: 35825 objects as part of root set at end of initial load.
[2017.10.26-08.30.12:699][  0]LogUObjectAllocator: 7529112 out of 0 bytes used by permanent object pool.
[2017.10.26-08.30.12:699][  0]LogUObjectArray: CloseDisregardForGC: 0/0 objects in disregard for GC pool
[2017.10.26-08.30.12:782][  0]LogInit: WinSock: version 1.1 (2.2), MaxSocks=32767, MaxUdp=65467
[2017.10.26-08.30.16:169][  0]LogTcpMessaging: Initializing TcpMessaging bridge
[2017.10.26-08.30.16:219][  0]LogUdpMessaging: Initializing bridge on interface 0.0.0.0:0 to multicast group 230.0.0.1:6666.
[2017.10.26-08.30.17:102][  0]LogMaterial: Uniform references updated for custom material expression Custom.
[2017.10.26-08.30.17:633][  0]SourceControl: Source control is disabled
[2017.10.26-08.30.17:633][  0]SourceControl: Source control is disabled
[2017.10.26-08.30.17:696][  0]SourceControl: Source control is disabled
[2017.10.26-08.30.17:757][  0]SourceControl: Source control is disabled
[2017.10.26-08.30.18:511][  0]LogAndroidPermission: UAndroidPermissionCallbackProxy::GetInstance
[2017.10.26-08.30.18:825][  0]LogOcInput: OculusInput pre-init called
[2017.10.26-08.30.19:157][  0]LogEngine: Initializing Engine...
[2017.10.26-08.30.19:159][  0]LogHMD: Failed to initialize OpenVR with code 110
[2017.10.26-08.30.19:461][  0]LogStats: UGameplayTagsManager::ConstructGameplayTagTree: Construct from data asset -  0.000 s
[2017.10.26-08.30.19:461][  0]LogStats: UGameplayTagsManager::ConstructGameplayTagTree: GameplayTagTreeChangedEvent.Broadcast -  0.000 s
[2017.10.26-08.30.19:627][  0]LogAIModule: Creating AISystem for world Untitled
[2017.10.26-08.30.19:635][  0]LogInit: XAudio2 using 'Speakers / HP (IDT High Definition Audio CODEC)' : 2 channels at 48 kHz using 16 bits per sample (channel mask 0x3)
[2017.10.26-08.30.19:667][  0]LogInit: FAudioDevice initialized.
[2017.10.26-08.30.19:808][  0]LogDerivedDataCache: Saved boot cache 0.14s 93MB C:/Users/s147382/AppData/Local/UnrealEngine/4.17/DerivedDataCache/Boot.ddc.
[2017.10.26-08.30.19:822][  0]LogInit: Texture streaming: Enabled
[2017.10.26-08.30.19:973][  0]LogEngineSessionManager: EngineSessionManager initialized
[2017.10.26-08.30.20:252][  0]LogInit: Transaction tracking system initialized
[2017.10.26-08.30.20:657][  0]BlueprintLog: New page: Editor Load
[2017.10.26-08.30.21:817][  0]LocalizationService: Localization service is disabled
[2017.10.26-08.30.22:710][  0]LogConsoleResponse: Display: 
[2017.10.26-08.30.22:980][  0]LogCook: Display: Max memory allowance for cook 16384mb min free memory 0mb
[2017.10.26-08.30.22:980][  0]LogCook: Display: Mobile HDR setting 1
[2017.10.26-08.30.22:980][  0]LogGameplayTags: Display: UGameplayTagsManager::DoneAddingNativeTags. DelegateIsBound: 0
[2017.10.26-08.30.23:888][  0]LogFileCache: Scanning file cache for directory 'C:/Users/s147382/Documents/GitHub/Games-and-Play/MyProject 4.17 - 2/Content/' took 0.06s
[2017.10.26-08.30.24:374][  0]SourceControl: Source control is disabled
[2017.10.26-08.30.24:374][  0]Cmd: MAP LOAD FILE="../../../../../../Users/s147382/Documents/GitHub/Games-and-Play/MyProject 4.17 - 2/Content/RollingBP/Maps/RollingBPExampleMap.umap" TEMPLATE=0 SHOWPROGRESS=1 FEATURELEVEL=3
[2017.10.26-08.30.24:375][  0]LightingResults: New page: Lighting Build
[2017.10.26-08.30.24:430][  0]MapCheck: New page: Map Check
[2017.10.26-08.30.24:430][  0]LightingResults: New page: Lighting Build
[2017.10.26-08.30.24:881][  0]LogLinker: Warning: Can't find file '/Game/Player_Assets/Character/HeroTPP_Skeleton'
[2017.10.26-08.30.24:881][  0]LogLinker: Warning: Can't find file for asset '/Game/Player_Assets/Character/HeroTPP_Skeleton' while loading ../../../../../../Users/s147382/Documents/GitHub/Games-and-Play/MyProject 4.17 - 2/Content/vegetation_pack/Content/Player_Assets/Animations/Idle.uasset.
[2017.10.26-08.30.24:881][  0]LoadErrors: Error: /Game/vegetation_pack/Content/Player_Assets/Animations/Idle : Can't find file for asset. /Game/Player_Assets/Character/HeroTPP_Skeleton
[2017.10.26-08.30.24:882][  0]LogLinker: Warning: Can't find file '/Game/Player_Assets/Character/HeroTPP_Skeleton'
[2017.10.26-08.30.24:882][  0]LogLinker: Warning: Can't find file for asset '/Game/Player_Assets/Character/HeroTPP_Skeleton' while loading ../../../../../../Users/s147382/Documents/GitHub/Games-and-Play/MyProject 4.17 - 2/Content/vegetation_pack/Content/Player_Assets/Animations/Idle.uasset.
[2017.10.26-08.30.24:882][  0]LoadErrors: Error: /Game/vegetation_pack/Content/Player_Assets/Animations/Idle : Can't find file for asset. /Game/Player_Assets/Character/HeroTPP_Skeleton
[2017.10.26-08.30.26:398][  0]LogBlueprint: Warning: [Compiler SquirrelBlueprints3] Input Axis Event references unknown Axis 'LookUpRate' for  InputAxis LookUpRate
[2017.10.26-08.30.26:398][  0]LogBlueprint: Warning: [Compiler SquirrelBlueprints3] Input Axis Event references unknown Axis 'TurnRate' for  InputAxis TurnRate
[2017.10.26-08.30.26:399][  0]LogBlueprint: Warning: [Compiler SquirrelBlueprints3] Input Axis Event references unknown Axis 'LookUp' for  InputAxis LookUp
[2017.10.26-08.30.26:538][  0]LogBlueprint: Warning: [Compiler SquirrelBlueprints3] [0023.05] Compile of SquirrelBlueprints3 successful, but with 3 Warning(s) [in 337 ms] (/Game/Squirrel/BluePrints/SquirrelBlueprints3.SquirrelBlueprints3)
[2017.10.26-08.30.27:268][  0]LogLinker: Warning: Can't find file '/Game/Player_Assets/Character/HeroTPP_Skeleton'
[2017.10.26-08.30.27:268][  0]LoadErrors: Failed to load /Game/Player_Assets/Character/HeroTPP_Skeleton.HeroTPP_Skeleton Referenced by Idle
[2017.10.26-08.30.27:268][  0]LogLinker: Warning: Can't find file for asset '/Game/Player_Assets/Character/HeroTPP_Skeleton' while loading NULL.
[2017.10.26-08.30.27:268][  0]LoadErrors: Failed to load /Game/Player_Assets/Character/HeroTPP_Skeleton.HeroTPP_Skeleton Referenced by Idle
[2017.10.26-08.30.28:220][  0]LogAIModule: Creating AISystem for world RollingBPExampleMap
[2017.10.26-08.30.28:247][  0]LogEditorServer: Finished looking for orphan Actors (0.000 secs)
[2017.10.26-08.30.28:283][  0]Cmd: MAP CHECKDEP NOCLEARLOG
[2017.10.26-08.30.28:376][  0]MapCheck: Map check complete: 0 Error(s), 0 Warning(s), took 92.544ms to complete.
[2017.10.26-08.30.28:376][  0]LogFileHelpers: Loading map 'RollingBPExampleMap' took 4.002
[2017.10.26-08.30.28:535][  0]LogCollectionManager: Loaded 0 collections in 0.002059 seconds
[2017.10.26-08.30.28:629][  0]LogFileCache: Scanning file cache for directory 'C:/Users/s147382/Documents/GitHub/Games-and-Play/MyProject 4.17 - 2/Saved/Collections/' took 0.01s
[2017.10.26-08.30.28:629][  0]LogFileCache: Scanning file cache for directory 'C:/Users/s147382/Documents/GitHub/Games-and-Play/MyProject 4.17 - 2/Content/Developers/s147382/Collections/' took 0.01s
[2017.10.26-08.30.28:629][  0]LogFileCache: Scanning file cache for directory 'C:/Users/s147382/Documents/GitHub/Games-and-Play/MyProject 4.17 - 2/Content/Collections/' took 0.01s
[2017.10.26-08.30.28:629][  0]LogCollectionManager: Rebuilt the GUID cache for 0 collections in 0.000000 seconds
[2017.10.26-08.30.28:641][  0]LogContentBrowser: Native class hierarchy populated in 0.0117 seconds. Added 2392 classes and 503 folders.
[2017.10.26-08.30.28:726][  0]LogContentBrowser: Native class hierarchy updated for 'WidgetCarousel' in 0.0009 seconds. Added 0 classes and 0 folders.
[2017.10.26-08.30.28:784][  0]LogContentBrowser: Native class hierarchy updated for 'AddContentDialog' in 0.0008 seconds. Added 0 classes and 0 folders.
[2017.10.26-08.30.28:842][  0]LogContentBrowser: Native class hierarchy updated for 'SceneOutliner' in 0.0009 seconds. Added 1 classes and 2 folders.
[2017.10.26-08.30.28:866][  0]LogSlate: Took 0.000228 seconds to synchronously load lazily loaded font '../../../Engine/Content/Slate/Fonts/Roboto-Regular.ttf' (155K)
[2017.10.26-08.30.28:868][  0]LogSlate: Took 0.000183 seconds to synchronously load lazily loaded font '../../../Engine/Content/Slate/Fonts/Roboto-Bold.ttf' (160K)
[2017.10.26-08.30.28:879][  0]LogSlate: Took 0.001031 seconds to synchronously load lazily loaded font '../../../Engine/Content/Editor/Slate/Fonts/FontAwesome.ttf' (139K)
[2017.10.26-08.30.29:019][  0]LogRenderer: Reallocating scene render targets to support 1208x568 Format 10 NumSamples 1 (Frame:1).
[2017.10.26-08.30.29:134][  0]LogSlate: Took 0.000205 seconds to synchronously load lazily loaded font '../../../Engine/Content/Slate/Fonts/Roboto-Light.ttf' (159K)
[2017.10.26-08.30.29:418][  0]LogContentBrowser: Native class hierarchy updated for 'HierarchicalLODOutliner' in 0.0009 seconds. Added 1 classes and 2 folders.
[2017.10.26-08.30.29:419][  0]LogLoad: (Engine Initialization) Total time: 25.93 seconds
[2017.10.26-08.30.29:419][  0]LogLoad: (Engine Initialization) Total Blueprint compile time: 0.00 seconds
[2017.10.26-08.30.29:419][  0]LogExternalProfiler: No external profilers were discovered.  External profiling features will not be available.
[2017.10.26-08.30.29:455][  0]LogContentStreaming: Texture pool size now 1000 MB
[2017.10.26-08.30.29:614][  2]LogAssetRegistry: Asset discovery search completed in 18.5477 seconds
[2017.10.26-08.30.29:617][  2]LogCollectionManager: Rebuilt the object cache for 0 collections in 0.000001 seconds (found 0 objects)
[2017.10.26-08.30.29:617][  2]LogCollectionManager: Fixed up redirectors for 0 collections in 0.000064 seconds (updated 0 objects)
[2017.10.26-08.30.58:329][605]LogSlate: Took 0.000260 seconds to synchronously load lazily loaded font '../../../Engine/Content/Slate/Fonts/Roboto-Light.ttf' (159K)
[2017.10.26-08.30.58:835][605]LogContentBrowser: Native class hierarchy updated for 'BlueprintGraph' in 0.0019 seconds. Added 113 classes and 0 folders.
[2017.10.26-08.30.59:776][605]LogSlate: Took 0.000198 seconds to synchronously load lazily loaded font '../../../Engine/Content/Slate/Fonts/Roboto-Regular.ttf' (155K)
[2017.10.26-08.31.00:027][605]LogSlate: Took 0.000297 seconds to synchronously load lazily loaded font '../../../Engine/Content/Editor/Slate/Fonts/Roboto-BoldCondensed.ttf' (158K)
[2017.10.26-08.31.00:686][606]LogSlate: Took 0.000331 seconds to synchronously load lazily loaded font '../../../Engine/Content/Editor/Slate/Fonts/Roboto-Italic.ttf' (157K)
[2017.10.26-08.36.33:257][515]LogScriptCore: Warning: Script Msg: Attempted to access index 0 from array 'CallFunc_GetAllActorsOfClass_OutActors' of length 0 in '/Game/Squirrel/BluePrints/SquirrelBlueprints3.SquirrelBlueprints3_C:SpawnPlayer'!
[2017.10.26-08.36.33:509][515]LogWindowsTextInputMethodSystem: Display: IME system now deactivated.
[2017.10.26-08.36.33:698][516]Cmd: QUIT_EDITOR
[2017.10.26-08.36.33:734][516]LogExit: Preparing to exit.
[2017.10.26-08.36.34:447][516]LogDirectoryWatcher: A directory notification for 'C:/Users/s147382/Documents/GitHub/Games-and-Play/MyProject 4.17 - 2/Content/' was aborted.
[2017.10.26-08.36.34:501][516]LogExit: Editor shut down
[2017.10.26-08.36.34:511][516]LogExit: Transaction tracking system shut down
[2017.10.26-08.36.34:702][516]LogDirectoryWatcher: A directory notification for '../../../Engine/Content/' was aborted.
[2017.10.26-08.36.34:702][516]LogDirectoryWatcher: A directory notification for '../../../../../../Users/s147382/Documents/GitHub/Games-and-Play/MyProject 4.17 - 2/Content/' was aborted.
[2017.10.26-08.36.34:702][516]LogDirectoryWatcher: A directory notification for '../../../Engine/Plugins/2D/Paper2D/Content/' was aborted.
[2017.10.26-08.36.34:702][516]LogDirectoryWatcher: A directory notification for '../../../Engine/Plugins/Runtime/Oculus/OculusVR/Content/' was aborted.
[2017.10.26-08.36.34:702][516]LogDirectoryWatcher: A directory notification for '../../../Engine/Plugins/Runtime/Steam/SteamVR/Content/' was aborted.
[2017.10.26-08.36.34:818][516]LogExit: Object subsystem successfully closed.
[2017.10.26-08.36.34:843][516]LogD3D11RHI: Shutdown
[2017.10.26-08.36.34:843][516]LogD3D11RHI: CleanupD3DDevice
[2017.10.26-08.36.34:943][516]LogD3D11RHI: ~FD3D11DynamicRHI
[2017.10.26-08.36.34:964][516]LogModuleManager: Shutting down and abandoning module BlueprintGraph (536)
[2017.10.26-08.36.34:964][516]LogModuleManager: Shutting down and abandoning module BlueprintProfiler (534)
[2017.10.26-08.36.34:964][516]LogModuleManager: Shutting down and abandoning module HierarchicalLODOutliner (532)
[2017.10.26-08.36.34:964][516]LogModuleManager: Shutting down and abandoning module SceneOutliner (530)
[2017.10.26-08.36.34:964][516]LogModuleManager: Shutting down and abandoning module AddContentDialog (528)
[2017.10.26-08.36.34:964][516]LogDirectoryWatcher: A directory notification for 'C:/Program Files/Epic Games/UE_4.17/FeaturePacks/' was aborted.
[2017.10.26-08.36.34:965][516]LogModuleManager: Shutting down and abandoning module WidgetCarousel (527)
[2017.10.26-08.36.34:965][516]LogModuleManager: Shutting down and abandoning module EditorWidgets (524)
[2017.10.26-08.36.34:965][516]LogModuleManager: Shutting down and abandoning module CollectionManager (522)
[2017.10.26-08.36.34:965][516]LogDirectoryWatcher: A directory notification for 'C:/Users/s147382/Documents/GitHub/Games-and-Play/MyProject 4.17 - 2/Content/Collections/' was aborted.
[2017.10.26-08.36.34:965][516]LogDirectoryWatcher: A directory notification for 'C:/Users/s147382/Documents/GitHub/Games-and-Play/MyProject 4.17 - 2/Content/Developers/s147382/Collections/' was aborted.
[2017.10.26-08.36.34:965][516]LogDirectoryWatcher: A directory notification for 'C:/Users/s147382/Documents/GitHub/Games-and-Play/MyProject 4.17 - 2/Saved/Collections/' was aborted.
[2017.10.26-08.36.34:965][516]LogModuleManager: Shutting down and abandoning module StatsViewer (520)
[2017.10.26-08.36.34:965][516]LogModuleManager: Shutting down and abandoning module FoliageEdit (518)
[2017.10.26-08.36.34:966][516]LogModuleManager: Shutting down and abandoning module LandscapeEditor (516)
[2017.10.26-08.36.34:966][516]LogModuleManager: Shutting down and abandoning module MeshPaintMode (514)
[2017.10.26-08.36.34:966][516]LogModuleManager: Shutting down and abandoning module SceneDepthPickerMode (512)
[2017.10.26-08.36.34:966][516]LogModuleManager: Shutting down and abandoning module ActorPickerMode (510)
[2017.10.26-08.36.34:966][516]LogModuleManager: Shutting down and abandoning module GeometryMode (508)
[2017.10.26-08.36.34:966][516]LogModuleManager: Shutting down and abandoning module TextureAlignMode (506)
[2017.10.26-08.36.34:966][516]LogModuleManager: Shutting down and abandoning module BspMode (504)
[2017.10.26-08.36.34:966][516]LogModuleManager: Shutting down and abandoning module PIEPreviewDeviceProfileSelector (502)
[2017.10.26-08.36.34:966][516]LogModuleManager: Shutting down and abandoning module HardwareSurvey (500)
[2017.10.26-08.36.34:966][516]LogModuleManager: Shutting down and abandoning module SequenceRecorderSections (498)
[2017.10.26-08.36.34:966][516]LogModuleManager: Shutting down and abandoning module AutomationWorker (496)
[2017.10.26-08.36.34:966][516]LogModuleManager: Shutting down and abandoning module MatineeToLevelSequence (494)
[2017.10.26-08.36.34:966][516]LogModuleManager: Shutting down and abandoning module LevelSequenceEditor (492)
[2017.10.26-08.36.34:966][516]LogModuleManager: Shutting down and abandoning module PlacementMode (491)
[2017.10.26-08.36.34:966][516]LogModuleManager: Shutting down and abandoning module WmfMediaFactory (488)
[2017.10.26-08.36.34:966][516]LogModuleManager: Shutting down and abandoning module WmfMediaEditor (486)
[2017.10.26-08.36.34:966][516]LogModuleManager: Shutting down and abandoning module AvfMediaFactory (484)
[2017.10.26-08.36.34:966][516]LogModuleManager: Shutting down and abandoning module AvfMediaEditor (482)
[2017.10.26-08.36.34:966][516]LogModuleManager: Shutting down and abandoning module AndroidMediaFactory (480)
[2017.10.26-08.36.34:966][516]LogModuleManager: Shutting down and abandoning module Media (479)
[2017.10.26-08.36.34:966][516]LogModuleManager: Shutting down and abandoning module AndroidMediaEditor (476)
[2017.10.26-08.36.34:966][516]LogModuleManager: Shutting down and abandoning module CharacterAI (474)
[2017.10.26-08.36.34:966][516]LogModuleManager: Shutting down and abandoning module AudioCapture (472)
[2017.10.26-08.36.34:966][516]LogModuleManager: Shutting down and abandoning module SequenceRecorder (471)
[2017.10.26-08.36.34:966][516]LogModuleManager: Shutting down and abandoning module SmartSnapping (468)
[2017.10.26-08.36.34:966][516]LogModuleManager: Shutting down and abandoning module SessionServices (466)
[2017.10.26-08.36.34:966][516]LogModuleManager: Shutting down and abandoning module ViewportSnapping (464)
[2017.10.26-08.36.34:966][516]LogModuleManager: Shutting down and abandoning module ViewportInteraction (462)
[2017.10.26-08.36.34:966][516]LogModuleManager: Shutting down and abandoning module ClothPainter (460)
[2017.10.26-08.36.34:966][516]LogModuleManager: Shutting down and abandoning module LogVisualizer (458)
[2017.10.26-08.36.34:966][516]LogModuleManager: Shutting down and abandoning module IntroTutorials (456)
[2017.10.26-08.36.34:967][516]LogModuleManager: Shutting down and abandoning module GameProjectGeneration (455)
[2017.10.26-08.36.34:967][516]LogModuleManager: Shutting down and abandoning module IOSPlatformEditor (452)
[2017.10.26-08.36.34:967][516]LogModuleManager: Shutting down and abandoning module HTML5PlatformEditor (450)
[2017.10.26-08.36.34:967][516]LogModuleManager: Shutting down and abandoning module AndroidPlatformEditor (448)
[2017.10.26-08.36.34:967][516]LogModuleManager: Shutting down and abandoning module AndroidDeviceDetection (447)
[2017.10.26-08.36.35:495][516]LogModuleManager: Shutting down and abandoning module WindowsPlatformEditor (444)
[2017.10.26-08.36.35:495][516]LogModuleManager: Shutting down and abandoning module IOSRuntimeSettings (442)
[2017.10.26-08.36.35:495][516]LogModuleManager: Shutting down and abandoning module AndroidRuntimeSettings (440)
[2017.10.26-08.36.35:495][516]LogModuleManager: Shutting down and abandoning module InputBindingEditor (438)
[2017.10.26-08.36.35:495][516]LogModuleManager: Shutting down and abandoning module MergeActors (436)
[2017.10.26-08.36.35:495][516]LogModuleManager: Shutting down and abandoning module SizeMap (434)
[2017.10.26-08.36.35:495][516]LogModuleManager: Shutting down and abandoning module TreeMap (432)
[2017.10.26-08.36.35:495][516]LogModuleManager: Shutting down and abandoning module ReferenceViewer (430)
[2017.10.26-08.36.35:496][516]LogModuleManager: Shutting down and abandoning module LocalizationDashboard (428)
[2017.10.26-08.36.35:496][516]LogModuleManager: Shutting down and abandoning module LocalizationService (427)
[2017.10.26-08.36.35:496][516]LogModuleManager: Shutting down and abandoning module HardwareTargeting (424)
[2017.10.26-08.36.35:496][516]LogModuleManager: Shutting down and abandoning module DeviceProfileEditor (422)
[2017.10.26-08.36.35:496][516]LogModuleManager: Shutting down and abandoning module UndoHistory (420)
[2017.10.26-08.36.35:496][516]LogModuleManager: Shutting down and abandoning module XmlParser (418)
[2017.10.26-08.36.35:496][516]LogModuleManager: Shutting down and abandoning module Blutility (416)
[2017.10.26-08.36.35:496][516]LogModuleManager: Shutting down and abandoning module ProjectSettingsViewer (414)
[2017.10.26-08.36.35:496][516]LogModuleManager: Shutting down and abandoning module ProjectTargetPlatformEditor (413)
[2017.10.26-08.36.35:496][516]LogModuleManager: Shutting down and abandoning module EditorSettingsViewer (410)
[2017.10.26-08.36.35:496][516]LogModuleManager: Shutting down and abandoning module SettingsEditor (408)
[2017.10.26-08.36.35:496][516]LogModuleManager: Shutting down and abandoning module ProjectLauncher (406)
[2017.10.26-08.36.35:496][516]LogModuleManager: Shutting down and abandoning module SessionFrontend (404)
[2017.10.26-08.36.35:496][516]LogModuleManager: Shutting down and abandoning module ProfilerClient (402)
[2017.10.26-08.36.35:496][516]LogModuleManager: Shutting down and abandoning module DeviceManager (400)
[2017.10.26-08.36.35:496][516]LogModuleManager: Shutting down and abandoning module TargetDeviceServices (399)
[2017.10.26-08.36.35:548][516]LogModuleManager: Shutting down and abandoning module AutomationController (396)
[2017.10.26-08.36.35:548][516]LogModuleManager: Shutting down and abandoning module AutomationWindow (394)
[2017.10.26-08.36.35:548][516]LogModuleManager: Shutting down and abandoning module Layers (392)
[2017.10.26-08.36.35:548][516]LogModuleManager: Shutting down and abandoning module ComponentVisualizers (390)
[2017.10.26-08.36.35:548][516]LogModuleManager: Shutting down and abandoning module DetailCustomizations (388)
[2017.10.26-08.36.35:548][516]LogModuleManager: Shutting down and abandoning module PackagesDialog (386)
[2017.10.26-08.36.35:548][516]LogModuleManager: Shutting down and abandoning module Persona (384)
[2017.10.26-08.36.35:548][516]LogModuleManager: Shutting down and abandoning module AdvancedPreviewScene (383)
[2017.10.26-08.36.35:548][516]LogModuleManager: Shutting down and abandoning module AnimGraph (381)
[2017.10.26-08.36.35:548][516]LogModuleManager: Shutting down and abandoning module Kismet (378)
[2017.10.26-08.36.35:558][516]LogModuleManager: Shutting down and abandoning module ClassViewer (376)
[2017.10.26-08.36.35:558][516]LogModuleManager: Shutting down and abandoning module Toolbox (374)
[2017.10.26-08.36.35:558][516]LogModuleManager: Shutting down and abandoning module ModuleUI (372)
[2017.10.26-08.36.35:558][516]LogModuleManager: Shutting down and abandoning module MovieSceneTools (370)
[2017.10.26-08.36.35:558][516]LogModuleManager: Shutting down and abandoning module OutputLog (368)
[2017.10.26-08.36.35:558][516]LogModuleManager: Shutting down and abandoning module GammaUI (366)
[2017.10.26-08.36.35:558][516]LogModuleManager: Shutting down and abandoning module Documentation (364)
[2017.10.26-08.36.35:558][516]LogModuleManager: Shutting down and abandoning module MovieSceneTracks (362)
[2017.10.26-08.36.35:558][516]LogModuleManager: Shutting down and abandoning module MovieScene (360)
[2017.10.26-08.36.35:558][516]LogModuleManager: Shutting down and abandoning module Niagara (358)
[2017.10.26-08.36.35:558][516]LogModuleManager: Shutting down and abandoning module NiagaraEditor (357)
[2017.10.26-08.36.35:558][516]LogModuleManager: Shutting down and abandoning module StreamingPauseRendering (354)
[2017.10.26-08.36.35:558][516]LogModuleManager: Shutting down and abandoning module LauncherPlatform (352)
[2017.10.26-08.36.35:558][516]LogModuleManager: Shutting down and abandoning module AnalyticsET (350)
[2017.10.26-08.36.35:558][516]LogModuleManager: Shutting down and abandoning module PortalServices (348)
[2017.10.26-08.36.35:558][516]LogModuleManager: Shutting down and abandoning module PortalRpc (346)
[2017.10.26-08.36.35:558][516]LogModuleManager: Shutting down and abandoning module MessagingRpc (344)
[2017.10.26-08.36.35:559][516]LogModuleManager: Shutting down and abandoning module AIModule (342)
[2017.10.26-08.36.35:559][516]LogModuleManager: Shutting down and abandoning module GameplayDebugger (341)
[2017.10.26-08.36.35:559][516]LogModuleManager: Shutting down and abandoning module AITestSuite (339)
[2017.10.26-08.36.35:559][516]LogModuleManager: Shutting down and abandoning module ProfilerService (336)
[2017.10.26-08.36.35:589][516]LogModuleManager: Shutting down and abandoning module TaskGraph (334)
[2017.10.26-08.36.35:589][516]LogModuleManager: Shutting down and abandoning module SteamVRController (332)
[2017.10.26-08.36.35:589][516]LogModuleManager: Shutting down and abandoning module ProceduralMeshComponentEditor (330)
[2017.10.26-08.36.35:589][516]LogModuleManager: Shutting down and abandoning module ProceduralMeshComponent (328)
[2017.10.26-08.36.35:589][516]LogModuleManager: Shutting down and abandoning module OculusInput (326)
[2017.10.26-08.36.35:589][516]LogModuleManager: Shutting down and abandoning module MobilePatchingUtils (324)
[2017.10.26-08.36.35:589][516]LogModuleManager: Shutting down and abandoning module CustomMeshComponent (322)
[2017.10.26-08.36.35:589][516]LogModuleManager: Shutting down and abandoning module CableComponent (320)
[2017.10.26-08.36.35:589][516]LogModuleManager: Shutting down and abandoning module ArchVisCharacter (318)
[2017.10.26-08.36.35:589][516]LogModuleManager: Shutting down and abandoning module AndroidPermission (316)
[2017.10.26-08.36.35:589][516]LogModuleManager: Shutting down and abandoning module MediaPlayerEditor (312)
[2017.10.26-08.36.35:589][516]LogModuleManager: Shutting down and abandoning module HTML5Networking (310)
[2017.10.26-08.36.35:589][516]LogModuleManager: Shutting down and abandoning module AlembicImporter (308)
[2017.10.26-08.36.35:589][516]LogModuleManager: Shutting down and abandoning module AlembicLibrary (307)
[2017.10.26-08.36.35:589][516]LogModuleManager: Shutting down and abandoning module GeometryCache (306)
[2017.10.26-08.36.35:589][516]LogModuleManager: Shutting down and abandoning module GeometryCacheEd (305)
[2017.10.26-08.36.35:589][516]LogModuleManager: Shutting down and abandoning module SpeedTreeImporter (300)
[2017.10.26-08.36.35:589][516]LogModuleManager: Shutting down and abandoning module PluginBrowser (298)
[2017.10.26-08.36.35:589][516]LogModuleManager: Shutting down and abandoning module MobileLauncherProfileWizard (296)
[2017.10.26-08.36.35:589][516]LogModuleManager: Shutting down and abandoning module VisualStudioSourceCodeAccess (294)
[2017.10.26-08.36.35:589][516]LogModuleManager: Shutting down and abandoning module DesktopPlatform (293)
[2017.10.26-08.36.35:589][516]LogModuleManager: Shutting down and abandoning module UObjectPlugin (290)
[2017.10.26-08.36.35:589][516]LogModuleManager: Shutting down and abandoning module SubversionSourceControl (288)
[2017.10.26-08.36.35:589][516]LogModuleManager: Shutting down and abandoning module PerforceSourceControl (286)
[2017.10.26-08.36.35:589][516]LogModuleManager: Shutting down and abandoning module GitSourceControl (284)
[2017.10.26-08.36.35:589][516]LogModuleManager: Shutting down and abandoning module SourceControl (283)
[2017.10.26-08.36.35:590][516]LogModuleManager: Shutting down and abandoning module LightPropagationVolumeEditor (280)
[2017.10.26-08.36.35:590][516]LogModuleManager: Shutting down and abandoning module PaperTiledImporter (278)
[2017.10.26-08.36.35:590][516]LogModuleManager: Shutting down and abandoning module PaperSpriteSheetImporter (276)
[2017.10.26-08.36.35:590][516]LogModuleManager: Shutting down and abandoning module Paper2DEditor (274)
[2017.10.26-08.36.35:590][516]LogModuleManager: Shutting down and abandoning module MeshPaint (273)
[2017.10.26-08.36.35:590][516]LogModuleManager: Shutting down and abandoning module LevelEditor (271)
[2017.10.26-08.36.35:591][516]LogModuleManager: Shutting down and abandoning module PixelInspectorModule (270)
[2017.10.26-08.36.35:591][516]LogModuleManager: Shutting down and abandoning module MainFrame (268)
[2017.10.26-08.36.35:591][516]LogModuleManager: Shutting down and abandoning module HotReload (267)
[2017.10.26-08.36.35:591][516]LogDirectoryWatcher: A directory notification for 'C:/Users/s147382/Documents/GitHub/Games-and-Play/MyProject 4.17 - 2/Plugins/VictoryPlugin/PluginPackaged/Binaries/Win64' was aborted.
[2017.10.26-08.36.35:592][516]LogModuleManager: Shutting down and abandoning module VictoryBPLibrary (262)
[2017.10.26-08.36.35:592][516]LogModuleManager: Shutting down and abandoning module RuntimePhysXCooking (260)
[2017.10.26-08.36.35:592][516]LogModuleManager: Shutting down and abandoning module PhysXVehiclesEditor (258)
[2017.10.26-08.36.35:592][516]LogModuleManager: Shutting down and abandoning module PhysXVehicles (256)
[2017.10.26-08.36.35:592][516]LogModuleManager: Shutting down and abandoning module OculusEditor (254)
[2017.10.26-08.36.35:592][516]LogModuleManager: Shutting down and abandoning module LocationServicesBPLibrary (252)
[2017.10.26-08.36.35:592][516]LogModuleManager: Shutting down and abandoning module ImmediatePhysicsEditor (250)
[2017.10.26-08.36.35:592][516]LogModuleManager: Shutting down and abandoning module ImmediatePhysics (248)
[2017.10.26-08.36.35:592][516]LogModuleManager: Shutting down and abandoning module UdpMessaging (246)
[2017.10.26-08.36.35:693][516]LogModuleManager: Shutting down and abandoning module TcpMessaging (244)
[2017.10.26-08.36.35:794][516]LogModuleManager: Shutting down and abandoning module GameplayTagsEditor (242)
[2017.10.26-08.36.35:794][516]LogModuleManager: Shutting down and abandoning module FacialAnimationEditor (240)
[2017.10.26-08.36.35:794][516]LogModuleManager: Shutting down and abandoning module FacialAnimation (238)
[2017.10.26-08.36.35:794][516]LogModuleManager: Shutting down and abandoning module AssetManagerEditor (236)
[2017.10.26-08.36.35:794][516]LogModuleManager: Shutting down and abandoning module GraphEditor (235)
[2017.10.26-08.36.35:794][516]LogModuleManager: Shutting down and abandoning module ContentBrowser (233)
[2017.10.26-08.36.35:795][516]LogModuleManager: Shutting down and abandoning module LightPropagationVolumeRuntime (230)
[2017.10.26-08.36.35:795][516]LogModuleManager: Shutting down and abandoning module Paper2D (228)
[2017.10.26-08.36.35:795][516]LogModuleManager: Shutting down and abandoning module WindowsMoviePlayer (226)
[2017.10.26-08.36.35:795][516]LogModuleManager: Shutting down and abandoning module WmfMedia (224)
[2017.10.26-08.36.35:796][516]LogModuleManager: Shutting down and abandoning module PacketHandler (222)
[2017.10.26-08.36.35:796][516]LogModuleManager: Shutting down and abandoning module ClothingSystemEditor (220)
[2017.10.26-08.36.35:796][516]LogModuleManager: Shutting down and abandoning module ClothingSystemRuntime (218)
[2017.10.26-08.36.35:796][516]LogModuleManager: Shutting down and abandoning module Overlay (216)
[2017.10.26-08.36.35:796][516]LogModuleManager: Shutting down and abandoning module OverlayEditor (215)
[2017.10.26-08.36.35:796][516]LogModuleManager: Shutting down and abandoning module MediaAssets (212)
[2017.10.26-08.36.35:796][516]LogModuleManager: Shutting down and abandoning module VREditor (210)
[2017.10.26-08.36.35:796][516]LogModuleManager: Shutting down and abandoning module StringTableEditor (208)
[2017.10.26-08.36.35:796][516]LogModuleManager: Shutting down and abandoning module GameplayTasksEditor (206)
[2017.10.26-08.36.35:796][516]LogModuleManager: Shutting down and abandoning module BehaviorTreeEditor (204)
[2017.10.26-08.36.35:796][516]LogModuleManager: Shutting down and abandoning module FunctionalTesting (202)
[2017.10.26-08.36.35:796][516]LogModuleManager: Shutting down and abandoning module CollisionAnalyzer (200)
[2017.10.26-08.36.35:796][516]LogModuleManager: Shutting down and abandoning module WorkspaceMenuStructure (199)
[2017.10.26-08.36.35:796][516]LogModuleManager: Shutting down and abandoning module UMG (196)
[2017.10.26-08.36.35:796][516]LogModuleManager: Shutting down and abandoning module UMGEditor (195)
[2017.10.26-08.36.35:796][516]LogModuleManager: Shutting down and abandoning module Sequencer (194)
[2017.10.26-08.36.35:796][516]LogModuleManager: Shutting down and abandoning module MessageLog (191)
[2017.10.26-08.36.35:796][516]LogModuleManager: Shutting down and abandoning module SlateReflector (186)
[2017.10.26-08.36.35:796][516]LogModuleManager: Shutting down and abandoning module Slate (184)
[2017.10.26-08.36.35:796][516]LogModuleManager: Shutting down and abandoning module EditorStyle (182)
[2017.10.26-08.36.35:799][516]LogModuleManager: Shutting down and abandoning module MRMesh (180)
[2017.10.26-08.36.35:799][516]LogModuleManager: Shutting down and abandoning module SourceCodeAccess (178)
[2017.10.26-08.36.35:799][516]LogModuleManager: Shutting down and abandoning module HeadMountedDisplay (176)
[2017.10.26-08.36.35:799][516]LogModuleManager: Shutting down and abandoning module XAudio2 (174)
[2017.10.26-08.36.35:799][516]LogModuleManager: Shutting down and abandoning module Networking (172)
[2017.10.26-08.36.35:799][516]LogModuleManager: Shutting down and abandoning module Core (168)
[2017.10.26-08.36.35:799][516]LogModuleManager: Shutting down and abandoning module KismetCompiler (164)
[2017.10.26-08.36.35:800][516]LogModuleManager: Shutting down and abandoning module LevelSequence (162)
[2017.10.26-08.36.35:800][516]LogModuleManager: Shutting down and abandoning module MeshUtilities (160)
[2017.10.26-08.36.35:800][516]LogModuleManager: Shutting down and abandoning module MeshMergeUtilities (159)
[2017.10.26-08.36.35:800][516]LogModuleManager: Shutting down and abandoning module MeshReductionInterface (158)
[2017.10.26-08.36.35:800][516]LogModuleManager: Shutting down and abandoning module SimplygonSwarm (157)
[2017.10.26-08.36.35:800][516]LogModuleManager: Shutting down and abandoning module SimplygonMeshReduction (155)
[2017.10.26-08.36.35:800][516]LogModuleManager: Shutting down and abandoning module QuadricMeshReduction (153)
[2017.10.26-08.36.35:800][516]LogModuleManager: Shutting down and abandoning module MaterialBaking (149)
[2017.10.26-08.36.35:800][516]LogModuleManager: Shutting down and abandoning module DirectoryWatcher (146)
[2017.10.26-08.36.35:801][516]LogModuleManager: Shutting down and abandoning module DerivedDataCache (144)
[2017.10.26-08.36.35:864][516]LogDerivedDataCache: Shutdown
[2017.10.26-08.36.35:864][516]LogModuleManager: Shutting down and abandoning module TargetPlatform (142)
[2017.10.26-08.36.35:864][516]LogModuleManager: Shutting down and abandoning module VulkanShaderFormat (141)
[2017.10.26-08.36.35:864][516]LogModuleManager: Shutting down and abandoning module ShaderFormatVectorVM (139)
[2017.10.26-08.36.35:864][516]LogModuleManager: Shutting down and abandoning module ShaderFormatOpenGL (137)
[2017.10.26-08.36.35:864][516]LogModuleManager: Shutting down and abandoning module ShaderFormatD3D (135)
[2017.10.26-08.36.35:864][516]LogModuleManager: Shutting down and abandoning module MetalShaderFormat (133)
[2017.10.26-08.36.35:864][516]LogModuleManager: Shutting down and abandoning module TextureFormatUncompressed (131)
[2017.10.26-08.36.35:865][516]LogModuleManager: Shutting down and abandoning module TextureFormatPVR (129)
[2017.10.26-08.36.35:865][516]LogModuleManager: Shutting down and abandoning module TextureFormatDXT (127)
[2017.10.26-08.36.35:865][516]LogModuleManager: Shutting down and abandoning module TextureFormatIntelISPCTexComp (125)
[2017.10.26-08.36.35:865][516]LogModuleManager: Shutting down and abandoning module TextureFormatASTC (123)
[2017.10.26-08.36.35:865][516]LogModuleManager: Shutting down and abandoning module ImageWrapper (122)
[2017.10.26-08.36.35:865][516]LogModuleManager: Shutting down and abandoning module TextureFormatAndroid (119)
[2017.10.26-08.36.35:865][516]LogModuleManager: Shutting down and abandoning module AudioFormatOpus (117)
[2017.10.26-08.36.35:865][516]LogModuleManager: Shutting down and abandoning module AudioFormatOgg (115)
[2017.10.26-08.36.35:865][516]LogModuleManager: Shutting down and abandoning module AudioFormatADPCM (113)
[2017.10.26-08.36.35:865][516]LogModuleManager: Shutting down and abandoning module LinuxTargetPlatform (111)
[2017.10.26-08.36.35:865][516]LogModuleManager: Shutting down and abandoning module LinuxServerTargetPlatform (109)
[2017.10.26-08.36.35:865][516]LogModuleManager: Shutting down and abandoning module LinuxNoEditorTargetPlatform (107)
[2017.10.26-08.36.35:865][516]LogModuleManager: Shutting down and abandoning module LinuxClientTargetPlatform (105)
[2017.10.26-08.36.35:865][516]LogModuleManager: Shutting down and abandoning module TVOSTargetPlatform (103)
[2017.10.26-08.36.35:865][516]LogModuleManager: Shutting down and abandoning module Messaging (101)
[2017.10.26-08.36.35:865][516]LogModuleManager: Shutting down and abandoning module IOSTargetPlatform (99)
[2017.10.26-08.36.35:865][516]LogModuleManager: Shutting down and abandoning module HTML5TargetPlatform (97)
[2017.10.26-08.36.35:865][516]LogModuleManager: Shutting down and abandoning module Android_PVRTCTargetPlatform (95)
[2017.10.26-08.36.35:865][516]LogModuleManager: Shutting down and abandoning module Android_MultiTargetPlatform (93)
[2017.10.26-08.36.35:865][516]LogModuleManager: Shutting down and abandoning module Android_ETC2TargetPlatform (91)
[2017.10.26-08.36.35:865][516]LogModuleManager: Shutting down and abandoning module Android_ETC1TargetPlatform (89)
[2017.10.26-08.36.35:865][516]LogModuleManager: Shutting down and abandoning module Android_DXTTargetPlatform (87)
[2017.10.26-08.36.35:865][516]LogModuleManager: Shutting down and abandoning module Android_ATCTargetPlatform (85)
[2017.10.26-08.36.35:865][516]LogModuleManager: Shutting down and abandoning module Android_ASTCTargetPlatform (83)
[2017.10.26-08.36.35:865][516]LogModuleManager: Shutting down and abandoning module AndroidTargetPlatform (81)
[2017.10.26-08.36.35:865][516]LogModuleManager: Shutting down and abandoning module WindowsTargetPlatform (79)
[2017.10.26-08.36.35:865][516]LogModuleManager: Shutting down and abandoning module WindowsServerTargetPlatform (77)
[2017.10.26-08.36.35:865][516]LogModuleManager: Shutting down and abandoning module WindowsNoEditorTargetPlatform (75)
[2017.10.26-08.36.35:865][516]LogModuleManager: Shutting down and abandoning module WindowsClientTargetPlatform (73)
[2017.10.26-08.36.35:865][516]LogModuleManager: Shutting down and abandoning module MacTargetPlatform (71)
[2017.10.26-08.36.35:865][516]LogModuleManager: Shutting down and abandoning module MacServerTargetPlatform (69)
[2017.10.26-08.36.35:865][516]LogModuleManager: Shutting down and abandoning module MacNoEditorTargetPlatform (67)
[2017.10.26-08.36.35:865][516]LogModuleManager: Shutting down and abandoning module MacClientTargetPlatform (65)
[2017.10.26-08.36.35:865][516]LogModuleManager: Shutting down and abandoning module AllDesktopTargetPlatform (63)
[2017.10.26-08.36.35:865][516]LogModuleManager: Shutting down and abandoning module InputCore (60)
[2017.10.26-08.36.35:865][516]LogModuleManager: Shutting down and abandoning module Settings (58)
[2017.10.26-08.36.35:865][516]LogModuleManager: Shutting down and abandoning module PhysXCooking (56)
[2017.10.26-08.36.35:865][516]LogModuleManager: Shutting down and abandoning module SteamVR (54)
[2017.10.26-08.36.35:865][516]LogModuleManager: Shutting down and abandoning module OculusHMD (52)
[2017.10.26-08.36.35:865][516]LogModuleManager: Shutting down and abandoning module ExampleDeviceProfileSelector (50)
[2017.10.26-08.36.35:865][516]LogModuleManager: Shutting down and abandoning module OnlineBlueprintSupport (48)
[2017.10.26-08.36.35:865][516]LogModuleManager: Shutting down and abandoning module OnlineSubsystem (44)
[2017.10.26-08.36.35:865][516]LogOnline: Display: Unloading online subsystem: NULL
[2017.10.26-08.36.35:865][516]LogModuleManager: Shutting down and abandoning module XMPP (43)
[2017.10.26-08.36.35:866][516]LogModuleManager: Shutting down and abandoning module HTTP (41)
[2017.10.26-08.36.35:866][516]LogHttp: Display: Http module shutting down, but needs to wait on 1 outstanding Http requests:
[2017.10.26-08.36.35:866][516]LogHttp: Display: 	verb=[POST] url=[https://datarouter.ol.epicgames.com/datarouter/api/v1/public/data?SessionID=%7B638798A5-4076-252B-8E59-CD9CD24A97CE%7D&AppID=UEEditor.Rocket.Release&AppVersion=4.17.1-3586342%2B%2B%2BUE4%2BRelease-4.17&UserID=662fdd904eec4e2f7d1cafaccda34b21%7Cd396801e7f0c4e2eba21cd0b7973a446%7C6db52125-5a10-46a3-b6af-e5fa0dc5de2e&AppEnvironment=datacollector-binary&UploadType=eteventstream] status=Processing
[2017.10.26-08.36.35:891][516]LogModuleManager: Shutting down and abandoning module SSL (40)
[2017.10.26-08.36.35:893][516]LogModuleManager: Shutting down and abandoning module AnimationModifiers (36)
[2017.10.26-08.36.35:893][516]LogModuleManager: Shutting down and abandoning module PropertyEditor (35)
[2017.10.26-08.36.35:893][516]LogModuleManager: Shutting down and abandoning module AudioEditor (32)
[2017.10.26-08.36.35:893][516]LogModuleManager: Shutting down and abandoning module TextureCompressor (30)
[2017.10.26-08.36.35:893][516]LogModuleManager: Shutting down and abandoning module ShaderCore (28)
[2017.10.26-08.36.35:893][516]LogModuleManager: Shutting down and abandoning module Landscape (26)
[2017.10.26-08.36.35:893][516]LogModuleManager: Shutting down and abandoning module SlateRHIRenderer (24)
[2017.10.26-08.36.35:894][516]LogModuleManager: Shutting down and abandoning module OpenGLDrv (22)
[2017.10.26-08.36.35:895][516]LogModuleManager: Shutting down and abandoning module D3D11RHI (20)
[2017.10.26-08.36.35:895][516]LogModuleManager: Shutting down and abandoning module AnimGraphRuntime (18)
[2017.10.26-08.36.35:895][516]LogModuleManager: Shutting down and abandoning module Renderer (16)
[2017.10.26-08.36.35:895][516]LogModuleManager: Shutting down and abandoning module Engine (14)
[2017.10.26-08.36.35:895][516]LogModuleManager: Shutting down and abandoning module CoreUObject (12)
[2017.10.26-08.36.35:895][516]LogModuleManager: Shutting down and abandoning module NetworkFile (10)
[2017.10.26-08.36.35:895][516]LogModuleManager: Shutting down and abandoning module CookedIterativeFile (8)
[2017.10.26-08.36.35:895][516]LogModuleManager: Shutting down and abandoning module StreamingFile (6)
[2017.10.26-08.36.35:895][516]LogModuleManager: Shutting down and abandoning module SandboxFile (4)
[2017.10.26-08.36.35:895][516]LogModuleManager: Shutting down and abandoning module PakFile (2)
[2017.10.26-08.36.35:898][516]LogExit: Exiting.
[2017.10.26-08.36.35:910][516]Log file closed, 10/26/17 10:36:35
